#
# There is insufficient memory for the Java Runtime Environment to continue.
# Native memory allocation (mmap) failed to map 325058560 bytes for G1 virtual space
# Possible reasons:
#   The system is out of physical RAM or swap space
#   The process is running with CompressedOops enabled, and the Java Heap may be blocking the growth of the native heap
# Possible solutions:
#   Reduce memory load on the system
#   Increase physical memory or swap space
#   Check if swap backing store is full
#   Decrease Java heap size (-Xmx/-Xms)
#   Decrease number of Java threads
#   Decrease Java thread stack sizes (-Xss)
#   Set larger code cache with -XX:ReservedCodeCacheSize=
#   JVM is running with Unscaled Compressed Oops mode in which the Java heap is
#     placed in the first 4GB address space. The Java Heap base address is the
#     maximum limit for the native heap growth. Please use -XX:HeapBaseMinAddress
#     to set the Java Heap base and to place the Java Heap above 4GB virtual address.
# This output file may be truncated or incomplete.
#
#  Out of Memory Error (./open/src/hotspot/os/windows/os_windows.cpp:3321), pid=3812, tid=2472
#
# JRE version: Java(TM) SE Runtime Environment (15.0.2+7) (build 15.0.2+7-27)
# Java VM: Java HotSpot(TM) 64-Bit Server VM (15.0.2+7-27, mixed mode, sharing, tiered, compressed oops, g1 gc, windows-amd64)
# No core dump will be written. Minidumps are not enabled by default on client versions of Windows
#

---------------  S U M M A R Y ------------

Command Line: -javaagent:C:\Program Files\JetBrains\IntelliJ IDEA Community Edition 2020.2.4\lib\idea_rt.jar=56849:C:\Program Files\JetBrains\IntelliJ IDEA Community Edition 2020.2.4\bin -Dfile.encoding=UTF-8 Main

Host: Intel(R) Core(TM) i5 CPU         750  @ 2.67GHz, 4 cores, 3G,  Windows 7 , 64 bit Build 7601 (6.1.7601.24384)
Time: Sat May 21 21:57:51 2022 Iineianeia a?aiy (eaoi) elapsed time: 0.947513 seconds (0d 0h 0m 0s)

---------------  T H R E A D  ---------------

Current thread (0x000000001c86f430):  VMThread "VM Thread" [stack: 0x000000001fb00000,0x000000001fc00000] [id=2472]

Stack: [0x000000001fb00000,0x000000001fc00000]
[error occurred during error reporting (printing stack bounds), id 0xc0000005, EXCEPTION_ACCESS_VIOLATION (0xc0000005) at pc=0x000000000a8b10bd]

Native frames: (J=compiled Java code, j=interpreted, Vv=VM code, C=native code)
V  [jvm.dll+0x62ae9a]
V  [jvm.dll+0x7817a9]
V  [jvm.dll+0x782f03]
V  [jvm.dll+0x7834c5]
V  [jvm.dll+0x78347b]
V  [jvm.dll+0x62a2b9]
V  [jvm.dll+0x62aa88]
C  [ntdll.dll+0x6bf7d]
C  [ntdll.dll+0x4043a]
C  [ntdll.dll+0x6b61e]
C  0x000000000a8b10bd

VM_Operation (0x000000000247eea0): G1CollectForAllocation, mode: safepoint, requested by thread 0x00000000002ed050


---------------  P R O C E S S  ---------------

Threads class SMR info:
_java_thread_list=0x0000000020ace180, length=13, elements={
0x00000000002ed050, 0x000000001f81ae70, 0x000000001f81c950, 0x000000001f83ab50,
0x000000001f83b410, 0x000000001f83bcd0, 0x000000001f8415f0, 0x000000001f842b60,
0x000000001f8aef30, 0x000000001f942400, 0x0000000020aa14c0, 0x0000000020a48950,
0x0000000020a8b0b0
}

Java Threads: ( => current thread )
  0x00000000002ed050 JavaThread "main" [_thread_blocked, id=6360, stack(0x0000000002380000,0x0000000002480000)]
  0x000000001f81ae70 JavaThread "Reference Handler" daemon [_thread_blocked, id=6516, stack(0x000000001fc20000,0x000000001fd20000)]
  0x000000001f81c950 JavaThread "Finalizer" daemon [_thread_blocked, id=1628, stack(0x000000001fd30000,0x000000001fe30000)]
  0x000000001f83ab50 JavaThread "Signal Dispatcher" daemon [_thread_blocked, id=2456, stack(0x000000001ff20000,0x0000000020020000)]
  0x000000001f83b410 JavaThread "Attach Listener" daemon [_thread_blocked, id=7016, stack(0x00000000201e0000,0x00000000202e0000)]
  0x000000001f83bcd0 JavaThread "Service Thread" daemon [_thread_blocked, id=6364, stack(0x00000000203e0000,0x00000000204e0000)]
  0x000000001f8415f0 JavaThread "C2 CompilerThread0" daemon [_thread_blocked, id=4660, stack(0x00000000204e0000,0x00000000205e0000)]
  0x000000001f842b60 JavaThread "C1 CompilerThread0" daemon [_thread_blocked, id=1828, stack(0x00000000206d0000,0x00000000207d0000)]
  0x000000001f8aef30 JavaThread "Sweeper thread" daemon [_thread_blocked, id=5100, stack(0x00000000200d0000,0x00000000201d0000)]
  0x000000001f942400 JavaThread "Common-Cleaner" daemon [_thread_blocked, id=6252, stack(0x0000000020940000,0x0000000020a40000)]
  0x0000000020aa14c0 JavaThread "Monitor Ctrl-Break" daemon [_thread_in_native, id=6256, stack(0x0000000020820000,0x0000000020920000)]
  0x0000000020a48950 JavaThread "Notification Thread" daemon [_thread_blocked, id=508, stack(0x0000000020f50000,0x0000000021050000)]
  0x0000000020a8b0b0 JavaThread "C2 CompilerThread1" daemon [_thread_blocked, id=3784, stack(0x0000000021090000,0x0000000021190000)]

Other Threads:
=>0x000000001c86f430 VMThread "VM Thread" [stack: 0x000000001fb00000,0x000000001fc00000] [id=2472]
  0x0000000020a48e20 WatcherThread [stack: 0x00000000211a0000,0x00000000212a0000] [id=6412]
  0x0000000000319010 GCTaskThread "GC Thread#0" [stack: 0x000000001c410000,0x000000001c510000] [id=4236]
  0x000000001f9841d0 GCTaskThread "GC Thread#1" [stack: 0x00000000213b0000,0x00000000214b0000] [id=5160]
  0x000000001f984500 GCTaskThread "GC Thread#2" [stack: 0x0000000022100000,0x0000000022200000] [id=7088]
  0x0000000000324070 ConcurrentGCThread "G1 Main Marker" [stack: 0x000000001c670000,0x000000001c770000] [id=2516]
  0x0000000000324b70 ConcurrentGCThread "G1 Conc#0" [stack: 0x000000001c870000,0x000000001c970000] [id=4624]
  0x000000000036a8d0 ConcurrentGCThread "G1 Refine#0" [stack: 0x000000001ed40000,0x000000001ee40000] [id=3184]
  0x0000000020b11ee0 ConcurrentGCThread "G1 Refine#1" [stack: 0x0000000021cb0000,0x0000000021db0000] [id=6188]
  0x0000000020e3fc00 ConcurrentGCThread "G1 Refine#2" [stack: 0x0000000021ef0000,0x0000000021ff0000] [id=5452]
  0x0000000020b13aa0 ConcurrentGCThread "G1 Refine#3" [stack: 0x00000000212b0000,0x00000000213b0000] [id=5992]
  0x000000000036c3e0 ConcurrentGCThread "G1 Young RemSet Sampling" [stack: 0x000000001ee90000,0x000000001ef90000] [id=2428]

Threads with active compile tasks:

VM state: at safepoint (normal execution)

VM Mutex/Monitor currently owned by a thread:  ([mutex/lock_event])
[0x00000000002e67e0] Threads_lock - owner thread: 0x000000001c86f430
[0x00000000002e6ea0] Heap_lock - owner thread: 0x00000000002ed050

Heap address: 0x00000000c0000000, size: 1024 MB, Compressed Oops mode: 32-bit
CDS archive(s) mapped at: [0x0000000800000000-0x0000000800b50000-0x0000000800b50000), size 11862016, SharedBaseAddress: 0x0000000800000000, ArchiveRelocationMode: 0.
Compressed class space mapped at: 0x0000000800b50000-0x0000000840b50000, size: 1073741824
Narrow klass base: 0x0000000800000000, Narrow klass shift: 3, Narrow klass range: 0x100000000

GC Precious Log:
 CPUs: 4 total, 4 available
 Memory: 4091M
 Large Page Support: Disabled
 NUMA Support: Disabled
 Compressed Oops: Enabled (32-bit)
 Heap Region Size: 1M
 Heap Min Capacity: 8M
 Heap Initial Capacity: 64M
 Heap Max Capacity: 1G
 Pre-touch: Disabled
 Parallel Workers: 4
 Concurrent Workers: 1
 Concurrent Refinement Workers: 4
 Periodic GC: Disabled

Heap:
 garbage-first heap   total 476160K, used 75264K [0x00000000c0000000, 0x0000000100000000)
  region size 1024K, 8 young (8192K), 8 survivors (8192K)
 Metaspace       used 870K, capacity 4578K, committed 4864K, reserved 1056768K
  class space    used 82K, capacity 394K, committed 512K, reserved 1048576K

Heap Regions: E=young(eden), S=young(survivor), O=old, HS=humongous(starts), HC=humongous(continues), CS=collection set, F=free, OA=open archive, CA=closed archive, TAMS=top-at-mark-start (previous, next)
|   0|0x00000000c0000000, 0x00000000c0100000, 0x00000000c0100000|100%| O|  |TAMS 0x00000000c0000000, 0x00000000c0000000| Untracked 
|   1|0x00000000c0100000, 0x00000000c0200000, 0x00000000c0200000|100%| O|  |TAMS 0x00000000c0100000, 0x00000000c0100000| Untracked 
|   2|0x00000000c0200000, 0x00000000c0300000, 0x00000000c0300000|100%|HS|  |TAMS 0x00000000c0200000, 0x00000000c0200000| Complete 
|   3|0x00000000c0300000, 0x00000000c0400000, 0x00000000c0400000|100%| O|  |TAMS 0x00000000c0300000, 0x00000000c0300000| Untracked 
|   4|0x00000000c0400000, 0x00000000c0500000, 0x00000000c0500000|100%|HS|  |TAMS 0x00000000c0400000, 0x00000000c0400000| Complete 
|   5|0x00000000c0500000, 0x00000000c0600000, 0x00000000c0600000|100%| O|  |TAMS 0x00000000c0500000, 0x00000000c0500000| Untracked 
|   6|0x00000000c0600000, 0x00000000c0700000, 0x00000000c0700000|100%| O|  |TAMS 0x00000000c0600000, 0x00000000c0600000| Untracked 
|   7|0x00000000c0700000, 0x00000000c0800000, 0x00000000c0800000|100%| O|  |TAMS 0x00000000c0700000, 0x00000000c0700000| Untracked 
|   8|0x00000000c0800000, 0x00000000c0900000, 0x00000000c0900000|100%| O|  |TAMS 0x00000000c0800000, 0x00000000c0800000| Untracked 
|   9|0x00000000c0900000, 0x00000000c0a00000, 0x00000000c0a00000|100%| O|  |TAMS 0x00000000c0900000, 0x00000000c0900000| Untracked 
|  10|0x00000000c0a00000, 0x00000000c0b00000, 0x00000000c0b00000|100%|HS|  |TAMS 0x00000000c0a00000, 0x00000000c0a00000| Complete 
|  11|0x00000000c0b00000, 0x00000000c0c00000, 0x00000000c0c00000|100%|HC|  |TAMS 0x00000000c0b00000, 0x00000000c0b00000| Complete 
|  12|0x00000000c0c00000, 0x00000000c0d00000, 0x00000000c0d00000|100%| O|  |TAMS 0x00000000c0c00000, 0x00000000c0c00000| Untracked 
|  13|0x00000000c0d00000, 0x00000000c0e00000, 0x00000000c0e00000|100%| O|  |TAMS 0x00000000c0d00000, 0x00000000c0d00000| Untracked 
|  14|0x00000000c0e00000, 0x00000000c0f00000, 0x00000000c0f00000|100%| O|  |TAMS 0x00000000c0e00000, 0x00000000c0e00000| Untracked 
|  15|0x00000000c0f00000, 0x00000000c1000000, 0x00000000c1000000|100%| O|  |TAMS 0x00000000c0f00000, 0x00000000c0f00000| Untracked 
|  16|0x00000000c1000000, 0x00000000c1100000, 0x00000000c1100000|100%|HS|  |TAMS 0x00000000c1000000, 0x00000000c1000000| Complete 
|  17|0x00000000c1100000, 0x00000000c1200000, 0x00000000c1200000|100%|HC|  |TAMS 0x00000000c1100000, 0x00000000c1100000| Complete 
|  18|0x00000000c1200000, 0x00000000c1300000, 0x00000000c1300000|100%|HC|  |TAMS 0x00000000c1200000, 0x00000000c1200000| Complete 
|  19|0x00000000c1300000, 0x00000000c1400000, 0x00000000c1400000|100%|HS|  |TAMS 0x00000000c1300000, 0x00000000c1300000| Complete 
|  20|0x00000000c1400000, 0x00000000c1500000, 0x00000000c1500000|100%|HC|  |TAMS 0x00000000c1400000, 0x00000000c1400000| Complete 
|  21|0x00000000c1500000, 0x00000000c1600000, 0x00000000c1600000|100%|HC|  |TAMS 0x00000000c1500000, 0x00000000c1500000| Complete 
|  22|0x00000000c1600000, 0x00000000c1700000, 0x00000000c1700000|100%|HC|  |TAMS 0x00000000c1600000, 0x00000000c1600000| Complete 
|  23|0x00000000c1700000, 0x00000000c1800000, 0x00000000c1800000|100%| O|  |TAMS 0x00000000c1700000, 0x00000000c1700000| Untracked 
|  24|0x00000000c1800000, 0x00000000c1900000, 0x00000000c1900000|100%| O|  |TAMS 0x00000000c1800000, 0x00000000c1800000| Untracked 
|  25|0x00000000c1900000, 0x00000000c1a00000, 0x00000000c1a00000|100%| O|  |TAMS 0x00000000c1900000, 0x00000000c1900000| Untracked 
|  26|0x00000000c1a00000, 0x00000000c1b00000, 0x00000000c1b00000|100%| O|  |TAMS 0x00000000c1a00000, 0x00000000c1a00000| Untracked 
|  27|0x00000000c1b00000, 0x00000000c1c00000, 0x00000000c1c00000|100%| O|  |TAMS 0x00000000c1b00000, 0x00000000c1b00000| Untracked 
|  28|0x00000000c1c00000, 0x00000000c1d00000, 0x00000000c1d00000|100%| O|  |TAMS 0x00000000c1c00000, 0x00000000c1c00000| Untracked 
|  29|0x00000000c1d00000, 0x00000000c1e00000, 0x00000000c1e00000|100%| O|  |TAMS 0x00000000c1d00000, 0x00000000c1d00000| Untracked 
|  30|0x00000000c1e00000, 0x00000000c1f00000, 0x00000000c1f00000|100%| O|  |TAMS 0x00000000c1e00000, 0x00000000c1e00000| Untracked 
|  31|0x00000000c1f00000, 0x00000000c2000000, 0x00000000c2000000|100%| O|  |TAMS 0x00000000c1f00000, 0x00000000c1f00000| Untracked 
|  32|0x00000000c2000000, 0x00000000c2100000, 0x00000000c2100000|100%| O|  |TAMS 0x00000000c2000000, 0x00000000c2000000| Untracked 
|  33|0x00000000c2100000, 0x00000000c2200000, 0x00000000c2200000|100%| O|  |TAMS 0x00000000c2100000, 0x00000000c2100000| Untracked 
|  34|0x00000000c2200000, 0x00000000c2300000, 0x00000000c2300000|100%| O|  |TAMS 0x00000000c2200000, 0x00000000c2200000| Untracked 
|  35|0x00000000c2300000, 0x00000000c2400000, 0x00000000c2400000|100%| O|  |TAMS 0x00000000c2300000, 0x00000000c2300000| Untracked 
|  36|0x00000000c2400000, 0x00000000c2500000, 0x00000000c2500000|100%| O|  |TAMS 0x00000000c2400000, 0x00000000c2400000| Untracked 
|  37|0x00000000c2500000, 0x00000000c2600000, 0x00000000c2600000|100%| O|  |TAMS 0x00000000c2500000, 0x00000000c2500000| Untracked 
|  38|0x00000000c2600000, 0x00000000c2700000, 0x00000000c2700000|100%| O|  |TAMS 0x00000000c2600000, 0x00000000c2600000| Untracked 
|  39|0x00000000c2700000, 0x00000000c2800000, 0x00000000c2800000|100%| O|  |TAMS 0x00000000c2700000, 0x00000000c2700000| Untracked 
|  40|0x00000000c2800000, 0x00000000c2900000, 0x00000000c2900000|100%| O|  |TAMS 0x00000000c2800000, 0x00000000c2800000| Untracked 
|  41|0x00000000c2900000, 0x00000000c2a00000, 0x00000000c2a00000|100%|HS|  |TAMS 0x00000000c2900000, 0x00000000c2900000| Complete 
|  42|0x00000000c2a00000, 0x00000000c2b00000, 0x00000000c2b00000|100%|HC|  |TAMS 0x00000000c2a00000, 0x00000000c2a00000| Complete 
|  43|0x00000000c2b00000, 0x00000000c2c00000, 0x00000000c2c00000|100%|HC|  |TAMS 0x00000000c2b00000, 0x00000000c2b00000| Complete 
|  44|0x00000000c2c00000, 0x00000000c2d00000, 0x00000000c2d00000|100%|HC|  |TAMS 0x00000000c2c00000, 0x00000000c2c00000| Complete 
|  45|0x00000000c2d00000, 0x00000000c2e00000, 0x00000000c2e00000|100%|HC|  |TAMS 0x00000000c2d00000, 0x00000000c2d00000| Complete 
|  46|0x00000000c2e00000, 0x00000000c2f00000, 0x00000000c2f00000|100%| O|  |TAMS 0x00000000c2e00000, 0x00000000c2e00000| Untracked 
|  47|0x00000000c2f00000, 0x00000000c3000000, 0x00000000c3000000|100%| O|  |TAMS 0x00000000c2f00000, 0x00000000c2f00000| Untracked 
|  48|0x00000000c3000000, 0x00000000c3100000, 0x00000000c3100000|100%| O|  |TAMS 0x00000000c3000000, 0x00000000c3000000| Untracked 
|  49|0x00000000c3100000, 0x00000000c3200000, 0x00000000c3200000|100%| O|  |TAMS 0x00000000c3100000, 0x00000000c3100000| Untracked 
|  50|0x00000000c3200000, 0x00000000c3300000, 0x00000000c3300000|100%| O|  |TAMS 0x00000000c3200000, 0x00000000c3200000| Untracked 
|  51|0x00000000c3300000, 0x00000000c3400000, 0x00000000c3400000|100%| O|  |TAMS 0x00000000c3300000, 0x00000000c3300000| Untracked 
|  52|0x00000000c3400000, 0x00000000c3500000, 0x00000000c3500000|100%| O|  |TAMS 0x00000000c3400000, 0x00000000c3400000| Untracked 
|  53|0x00000000c3500000, 0x00000000c3600000, 0x00000000c3600000|100%| O|  |TAMS 0x00000000c3500000, 0x00000000c3500000| Untracked 
|  54|0x00000000c3600000, 0x00000000c3700000, 0x00000000c3700000|100%| O|  |TAMS 0x00000000c3600000, 0x00000000c3600000| Untracked 
|  55|0x00000000c3700000, 0x00000000c3800000, 0x00000000c3800000|100%| O|  |TAMS 0x00000000c3700000, 0x00000000c3700000| Untracked 
|  56|0x00000000c3800000, 0x00000000c3900000, 0x00000000c3900000|100%| O|  |TAMS 0x00000000c3800000, 0x00000000c3800000| Untracked 
|  57|0x00000000c3900000, 0x00000000c3a00000, 0x00000000c3a00000|100%| O|  |TAMS 0x00000000c3900000, 0x00000000c3900000| Untracked 
|  58|0x00000000c3a00000, 0x00000000c3b00000, 0x00000000c3b00000|100%| O|  |TAMS 0x00000000c3a00000, 0x00000000c3a00000| Untracked 
|  59|0x00000000c3b00000, 0x00000000c3c00000, 0x00000000c3c00000|100%| O|  |TAMS 0x00000000c3b00000, 0x00000000c3b00000| Untracked 
|  60|0x00000000c3c00000, 0x00000000c3d00000, 0x00000000c3d00000|100%| O|  |TAMS 0x00000000c3c00000, 0x00000000c3c00000| Untracked 
|  61|0x00000000c3d00000, 0x00000000c3e00000, 0x00000000c3e00000|100%| O|  |TAMS 0x00000000c3d00000, 0x00000000c3d00000| Untracked 
|  62|0x00000000c3e00000, 0x00000000c3f00000, 0x00000000c3f00000|100%| O|  |TAMS 0x00000000c3e00000, 0x00000000c3e00000| Untracked 
|  63|0x00000000c3f00000, 0x00000000c4000000, 0x00000000c4000000|100%| O|  |TAMS 0x00000000c3f00000, 0x00000000c3f00000| Untracked 
|  64|0x00000000c4000000, 0x00000000c4100000, 0x00000000c4100000|100%| O|  |TAMS 0x00000000c4000000, 0x00000000c4000000| Untracked 
|  65|0x00000000c4100000, 0x00000000c4180000, 0x00000000c4200000| 50%| O|  |TAMS 0x00000000c4100000, 0x00000000c4100000| Untracked 
|  66|0x00000000c4200000, 0x00000000c4200000, 0x00000000c4300000|  0%| F|  |TAMS 0x00000000c4200000, 0x00000000c4200000| Untracked 
|  67|0x00000000c4300000, 0x00000000c4300000, 0x00000000c4400000|  0%| F|  |TAMS 0x00000000c4300000, 0x00000000c4300000| Untracked 
|  68|0x00000000c4400000, 0x00000000c4400000, 0x00000000c4500000|  0%| F|  |TAMS 0x00000000c4400000, 0x00000000c4400000| Untracked 
|  69|0x00000000c4500000, 0x00000000c4500000, 0x00000000c4600000|  0%| F|  |TAMS 0x00000000c4500000, 0x00000000c4500000| Untracked 
|  70|0x00000000c4600000, 0x00000000c4600000, 0x00000000c4700000|  0%| F|  |TAMS 0x00000000c4600000, 0x00000000c4600000| Untracked 
|  71|0x00000000c4700000, 0x00000000c4700000, 0x00000000c4800000|  0%| F|  |TAMS 0x00000000c4700000, 0x00000000c4700000| Untracked 
|  72|0x00000000c4800000, 0x00000000c4800000, 0x00000000c4900000|  0%| F|  |TAMS 0x00000000c4800000, 0x00000000c4800000| Untracked 
|  73|0x00000000c4900000, 0x00000000c4900000, 0x00000000c4a00000|  0%| F|  |TAMS 0x00000000c4900000, 0x00000000c4900000| Untracked 
|  74|0x00000000c4a00000, 0x00000000c4a00000, 0x00000000c4b00000|  0%| F|  |TAMS 0x00000000c4a00000, 0x00000000c4a00000| Untracked 
|  75|0x00000000c4b00000, 0x00000000c4b00000, 0x00000000c4c00000|  0%| F|  |TAMS 0x00000000c4b00000, 0x00000000c4b00000| Untracked 
|  76|0x00000000c4c00000, 0x00000000c4c00000, 0x00000000c4d00000|  0%| F|  |TAMS 0x00000000c4c00000, 0x00000000c4c00000| Untracked 
|  77|0x00000000c4d00000, 0x00000000c4d00000, 0x00000000c4e00000|  0%| F|  |TAMS 0x00000000c4d00000, 0x00000000c4d00000| Untracked 
|  78|0x00000000c4e00000, 0x00000000c4e00000, 0x00000000c4f00000|  0%| F|  |TAMS 0x00000000c4e00000, 0x00000000c4e00000| Untracked 
|  79|0x00000000c4f00000, 0x00000000c4f00000, 0x00000000c5000000|  0%| F|  |TAMS 0x00000000c4f00000, 0x00000000c4f00000| Untracked 
|  80|0x00000000c5000000, 0x00000000c5000000, 0x00000000c5100000|  0%| F|  |TAMS 0x00000000c5000000, 0x00000000c5000000| Untracked 
|  81|0x00000000c5100000, 0x00000000c5100000, 0x00000000c5200000|  0%| F|  |TAMS 0x00000000c5100000, 0x00000000c5100000| Untracked 
|  82|0x00000000c5200000, 0x00000000c5200000, 0x00000000c5300000|  0%| F|  |TAMS 0x00000000c5200000, 0x00000000c5200000| Untracked 
|  83|0x00000000c5300000, 0x00000000c5300000, 0x00000000c5400000|  0%| F|  |TAMS 0x00000000c5300000, 0x00000000c5300000| Untracked 
|  84|0x00000000c5400000, 0x00000000c5400000, 0x00000000c5500000|  0%| F|  |TAMS 0x00000000c5400000, 0x00000000c5400000| Untracked 
|  85|0x00000000c5500000, 0x00000000c5500000, 0x00000000c5600000|  0%| F|  |TAMS 0x00000000c5500000, 0x00000000c5500000| Untracked 
|  86|0x00000000c5600000, 0x00000000c5600000, 0x00000000c5700000|  0%| F|  |TAMS 0x00000000c5600000, 0x00000000c5600000| Untracked 
|  87|0x00000000c5700000, 0x00000000c5700000, 0x00000000c5800000|  0%| F|  |TAMS 0x00000000c5700000, 0x00000000c5700000| Untracked 
|  88|0x00000000c5800000, 0x00000000c5800000, 0x00000000c5900000|  0%| F|  |TAMS 0x00000000c5800000, 0x00000000c5800000| Untracked 
|  89|0x00000000c5900000, 0x00000000c5900000, 0x00000000c5a00000|  0%| F|  |TAMS 0x00000000c5900000, 0x00000000c5900000| Untracked 
|  90|0x00000000c5a00000, 0x00000000c5a00000, 0x00000000c5b00000|  0%| F|  |TAMS 0x00000000c5a00000, 0x00000000c5a00000| Untracked 
|  91|0x00000000c5b00000, 0x00000000c5b00000, 0x00000000c5c00000|  0%| F|  |TAMS 0x00000000c5b00000, 0x00000000c5b00000| Untracked 
|  92|0x00000000c5c00000, 0x00000000c5c00000, 0x00000000c5d00000|  0%| F|  |TAMS 0x00000000c5c00000, 0x00000000c5c00000| Untracked 
|  93|0x00000000c5d00000, 0x00000000c5d00000, 0x00000000c5e00000|  0%| F|  |TAMS 0x00000000c5d00000, 0x00000000c5d00000| Untracked 
|  94|0x00000000c5e00000, 0x00000000c5e00000, 0x00000000c5f00000|  0%| F|  |TAMS 0x00000000c5e00000, 0x00000000c5e00000| Untracked 
|  95|0x00000000c5f00000, 0x00000000c6000000, 0x00000000c6000000|100%| S|CS|TAMS 0x00000000c5f00000, 0x00000000c5f00000| Complete 
|  96|0x00000000c6000000, 0x00000000c6100000, 0x00000000c6100000|100%| S|CS|TAMS 0x00000000c6000000, 0x00000000c6000000| Complete 
|  97|0x00000000c6100000, 0x00000000c6200000, 0x00000000c6200000|100%| S|CS|TAMS 0x00000000c6100000, 0x00000000c6100000| Complete 
|  98|0x00000000c6200000, 0x00000000c6300000, 0x00000000c6300000|100%| S|CS|TAMS 0x00000000c6200000, 0x00000000c6200000| Complete 
|  99|0x00000000c6300000, 0x00000000c6400000, 0x00000000c6400000|100%| S|CS|TAMS 0x00000000c6300000, 0x00000000c6300000| Complete 
| 100|0x00000000c6400000, 0x00000000c6500000, 0x00000000c6500000|100%| S|CS|TAMS 0x00000000c6400000, 0x00000000c6400000| Complete 
| 101|0x00000000c6500000, 0x00000000c6600000, 0x00000000c6600000|100%| S|CS|TAMS 0x00000000c6500000, 0x00000000c6500000| Complete 
| 102|0x00000000c6600000, 0x00000000c6700000, 0x00000000c6700000|100%| S|CS|TAMS 0x00000000c6600000, 0x00000000c6600000| Complete 
| 103|0x00000000c6700000, 0x00000000c6700000, 0x00000000c6800000|  0%| F|  |TAMS 0x00000000c6700000, 0x00000000c6700000| Untracked 
| 104|0x00000000c6800000, 0x00000000c6800000, 0x00000000c6900000|  0%| F|  |TAMS 0x00000000c6800000, 0x00000000c6800000| Untracked 
| 105|0x00000000c6900000, 0x00000000c6900000, 0x00000000c6a00000|  0%| F|  |TAMS 0x00000000c6900000, 0x00000000c6900000| Untracked 
| 106|0x00000000c6a00000, 0x00000000c6a00000, 0x00000000c6b00000|  0%| F|  |TAMS 0x00000000c6a00000, 0x00000000c6a00000| Untracked 
| 107|0x00000000c6b00000, 0x00000000c6b00000, 0x00000000c6c00000|  0%| F|  |TAMS 0x00000000c6b00000, 0x00000000c6b00000| Untracked 
| 108|0x00000000c6c00000, 0x00000000c6c00000, 0x00000000c6d00000|  0%| F|  |TAMS 0x00000000c6c00000, 0x00000000c6c00000| Untracked 
| 109|0x00000000c6d00000, 0x00000000c6d00000, 0x00000000c6e00000|  0%| F|  |TAMS 0x00000000c6d00000, 0x00000000c6d00000| Untracked 
| 110|0x00000000c6e00000, 0x00000000c6e00000, 0x00000000c6f00000|  0%| F|  |TAMS 0x00000000c6e00000, 0x00000000c6e00000| Untracked 
| 111|0x00000000c6f00000, 0x00000000c6f00000, 0x00000000c7000000|  0%| F|  |TAMS 0x00000000c6f00000, 0x00000000c6f00000| Untracked 
| 112|0x00000000c7000000, 0x00000000c7000000, 0x00000000c7100000|  0%| F|  |TAMS 0x00000000c7000000, 0x00000000c7000000| Untracked 
| 113|0x00000000c7100000, 0x00000000c7100000, 0x00000000c7200000|  0%| F|  |TAMS 0x00000000c7100000, 0x00000000c7100000| Untracked 
| 114|0x00000000c7200000, 0x00000000c7200000, 0x00000000c7300000|  0%| F|  |TAMS 0x00000000c7200000, 0x00000000c7200000| Untracked 
| 115|0x00000000c7300000, 0x00000000c7300000, 0x00000000c7400000|  0%| F|  |TAMS 0x00000000c7300000, 0x00000000c7300000| Untracked 
| 116|0x00000000c7400000, 0x00000000c7400000, 0x00000000c7500000|  0%| F|  |TAMS 0x00000000c7400000, 0x00000000c7400000| Untracked 
| 117|0x00000000c7500000, 0x00000000c7500000, 0x00000000c7600000|  0%| F|  |TAMS 0x00000000c7500000, 0x00000000c7500000| Untracked 
| 118|0x00000000c7600000, 0x00000000c7600000, 0x00000000c7700000|  0%| F|  |TAMS 0x00000000c7600000, 0x00000000c7600000| Untracked 
| 119|0x00000000c7700000, 0x00000000c7700000, 0x00000000c7800000|  0%| F|  |TAMS 0x00000000c7700000, 0x00000000c7700000| Untracked 
| 120|0x00000000c7800000, 0x00000000c7800000, 0x00000000c7900000|  0%| F|  |TAMS 0x00000000c7800000, 0x00000000c7800000| Untracked 
| 121|0x00000000c7900000, 0x00000000c7900000, 0x00000000c7a00000|  0%| F|  |TAMS 0x00000000c7900000, 0x00000000c7900000| Untracked 
| 122|0x00000000c7a00000, 0x00000000c7a00000, 0x00000000c7b00000|  0%| F|  |TAMS 0x00000000c7a00000, 0x00000000c7a00000| Untracked 
| 123|0x00000000c7b00000, 0x00000000c7b00000, 0x00000000c7c00000|  0%| F|  |TAMS 0x00000000c7b00000, 0x00000000c7b00000| Untracked 
| 124|0x00000000c7c00000, 0x00000000c7c00000, 0x00000000c7d00000|  0%| F|  |TAMS 0x00000000c7c00000, 0x00000000c7c00000| Untracked 
| 125|0x00000000c7d00000, 0x00000000c7d00000, 0x00000000c7e00000|  0%| F|  |TAMS 0x00000000c7d00000, 0x00000000c7d00000| Untracked 
| 126|0x00000000c7e00000, 0x00000000c7e00000, 0x00000000c7f00000|  0%| F|  |TAMS 0x00000000c7e00000, 0x00000000c7e00000| Untracked 
| 127|0x00000000c7f00000, 0x00000000c7f00000, 0x00000000c8000000|  0%| F|  |TAMS 0x00000000c7f00000, 0x00000000c7f00000| Untracked 
| 128|0x00000000c8000000, 0x00000000c8000000, 0x00000000c8100000|  0%| F|  |TAMS 0x00000000c8000000, 0x00000000c8000000| Untracked 
| 129|0x00000000c8100000, 0x00000000c8100000, 0x00000000c8200000|  0%| F|  |TAMS 0x00000000c8100000, 0x00000000c8100000| Untracked 
| 130|0x00000000c8200000, 0x00000000c8200000, 0x00000000c8300000|  0%| F|  |TAMS 0x00000000c8200000, 0x00000000c8200000| Untracked 
| 131|0x00000000c8300000, 0x00000000c8300000, 0x00000000c8400000|  0%| F|  |TAMS 0x00000000c8300000, 0x00000000c8300000| Untracked 
| 132|0x00000000c8400000, 0x00000000c8400000, 0x00000000c8500000|  0%| F|  |TAMS 0x00000000c8400000, 0x00000000c8400000| Untracked 
| 133|0x00000000c8500000, 0x00000000c8500000, 0x00000000c8600000|  0%| F|  |TAMS 0x00000000c8500000, 0x00000000c8500000| Untracked 
| 134|0x00000000c8600000, 0x00000000c8600000, 0x00000000c8700000|  0%| F|  |TAMS 0x00000000c8600000, 0x00000000c8600000| Untracked 
| 135|0x00000000c8700000, 0x00000000c8700000, 0x00000000c8800000|  0%| F|  |TAMS 0x00000000c8700000, 0x00000000c8700000| Untracked 
| 136|0x00000000c8800000, 0x00000000c8800000, 0x00000000c8900000|  0%| F|  |TAMS 0x00000000c8800000, 0x00000000c8800000| Untracked 
| 137|0x00000000c8900000, 0x00000000c8900000, 0x00000000c8a00000|  0%| F|  |TAMS 0x00000000c8900000, 0x00000000c8900000| Untracked 
| 138|0x00000000c8a00000, 0x00000000c8a00000, 0x00000000c8b00000|  0%| F|  |TAMS 0x00000000c8a00000, 0x00000000c8a00000| Untracked 
| 139|0x00000000c8b00000, 0x00000000c8b00000, 0x00000000c8c00000|  0%| F|  |TAMS 0x00000000c8b00000, 0x00000000c8b00000| Untracked 
| 140|0x00000000c8c00000, 0x00000000c8c00000, 0x00000000c8d00000|  0%| F|  |TAMS 0x00000000c8c00000, 0x00000000c8c00000| Untracked 
| 141|0x00000000c8d00000, 0x00000000c8d00000, 0x00000000c8e00000|  0%| F|  |TAMS 0x00000000c8d00000, 0x00000000c8d00000| Untracked 
| 142|0x00000000c8e00000, 0x00000000c8e00000, 0x00000000c8f00000|  0%| F|  |TAMS 0x00000000c8e00000, 0x00000000c8e00000| Untracked 
| 143|0x00000000c8f00000, 0x00000000c8f00000, 0x00000000c9000000|  0%| F|  |TAMS 0x00000000c8f00000, 0x00000000c8f00000| Untracked 
| 144|0x00000000c9000000, 0x00000000c9000000, 0x00000000c9100000|  0%| F|  |TAMS 0x00000000c9000000, 0x00000000c9000000| Untracked 
| 145|0x00000000c9100000, 0x00000000c9100000, 0x00000000c9200000|  0%| F|  |TAMS 0x00000000c9100000, 0x00000000c9100000| Untracked 
| 146|0x00000000c9200000, 0x00000000c9200000, 0x00000000c9300000|  0%| F|  |TAMS 0x00000000c9200000, 0x00000000c9200000| Untracked 
| 147|0x00000000c9300000, 0x00000000c9300000, 0x00000000c9400000|  0%| F|  |TAMS 0x00000000c9300000, 0x00000000c9300000| Untracked 
| 148|0x00000000c9400000, 0x00000000c9400000, 0x00000000c9500000|  0%| F|  |TAMS 0x00000000c9400000, 0x00000000c9400000| Untracked 
| 149|0x00000000c9500000, 0x00000000c9500000, 0x00000000c9600000|  0%| F|  |TAMS 0x00000000c9500000, 0x00000000c9500000| Untracked 
| 150|0x00000000c9600000, 0x00000000c9600000, 0x00000000c9700000|  0%| F|  |TAMS 0x00000000c9600000, 0x00000000c9600000| Untracked 
| 151|0x00000000c9700000, 0x00000000c9700000, 0x00000000c9800000|  0%| F|  |TAMS 0x00000000c9700000, 0x00000000c9700000| Untracked 
| 152|0x00000000c9800000, 0x00000000c9800000, 0x00000000c9900000|  0%| F|  |TAMS 0x00000000c9800000, 0x00000000c9800000| Untracked 
| 153|0x00000000c9900000, 0x00000000c9900000, 0x00000000c9a00000|  0%| F|  |TAMS 0x00000000c9900000, 0x00000000c9900000| Untracked 
| 154|0x00000000c9a00000, 0x00000000c9a00000, 0x00000000c9b00000|  0%| F|  |TAMS 0x00000000c9a00000, 0x00000000c9a00000| Untracked 

Card table byte_map: [0x0000000019fe0000,0x000000001a1e0000] _byte_map_base: 0x00000000199e0000

Marking Bits (Prev, Next): (CMBitMap*) 0x000000000031b710, (CMBitMap*) 0x000000000031b750
 Prev Bits: [0x000000001a3e0000, 0x000000001b3e0000)
 Next Bits: [0x000000001b3e0000, 0x000000001c3e0000)

Polling page: 0x0000000000230000

Metaspace:

Usage:
  Non-class:      4.09 MB capacity,   788.09 KB ( 19%) used,     3.32 MB ( 81%) free+waste,   896 bytes ( <1%) overhead. 
      Class:    394.00 KB capacity,    82.11 KB ( 21%) used,   311.39 KB ( 79%) free+waste,   512 bytes ( <1%) overhead. 
       Both:      4.47 MB capacity,   870.20 KB ( 19%) used,     3.62 MB ( 81%) free+waste,     1.38 KB ( <1%) overhead. 

Virtual space:
  Non-class space:        8.00 MB reserved,       4.25 MB ( 53%) committed 
      Class space:        1.00 GB reserved,     512.00 KB ( <1%) committed 
             Both:        1.01 GB reserved,       4.75 MB ( <1%) committed 

Chunk freelists:
   Non-Class:  40.00 KB
       Class:  0 bytes
        Both:  40.00 KB

MaxMetaspaceSize: 17179869184.00 GB
CompressedClassSpaceSize: 1.00 GB

CodeHeap 'non-profiled nmethods': size=120000Kb used=94Kb max_used=94Kb free=119905Kb
 bounds [0x0000000012380000, 0x00000000125f0000, 0x00000000198b0000]
CodeHeap 'profiled nmethods': size=120000Kb used=304Kb max_used=304Kb free=119695Kb
 bounds [0x000000000ae50000, 0x000000000b0c0000, 0x0000000012380000]
CodeHeap 'non-nmethods': size=5760Kb used=1125Kb max_used=1146Kb free=4634Kb
 bounds [0x000000000a8b0000, 0x000000000ab20000, 0x000000000ae50000]
 total_blobs=614 nmethods=240 adapters=288
 compilation: enabled
              stopped_count=0, restarted_count=0
 full_count=0

Compilation events (20 events):
Event: 0.200 Thread 0x000000001f842b60  229       3       java.lang.StringBuilder::<init> (7 bytes)
Event: 0.201 Thread 0x000000001f842b60 nmethod 229 0x000000000ae8d290 code [0x000000000ae8d440, 0x000000000ae8d568]
Event: 0.207 Thread 0x000000001f842b60  230       1       java.lang.Class::getModule (5 bytes)
Event: 0.207 Thread 0x000000001f842b60 nmethod 230 0x0000000012393710 code [0x00000000123938a0, 0x0000000012393958]
Event: 0.207 Thread 0x000000001f842b60  231       3       java.lang.invoke.MethodType$ConcurrentWeakInternSet::expungeStaleElements (27 bytes)
Event: 0.207 Thread 0x000000001f842b60 nmethod 231 0x000000000ae8d610 code [0x000000000ae8d7e0, 0x000000000ae8dcb8]
Event: 0.207 Thread 0x000000001f842b60  233       1       java.lang.invoke.MethodType::ptypes (5 bytes)
Event: 0.207 Thread 0x000000001f842b60 nmethod 233 0x0000000012393d10 code [0x0000000012393ea0, 0x0000000012393f58]
Event: 0.208 Thread 0x000000001f842b60  234       3       jdk.internal.org.objectweb.asm.SymbolTable::put (150 bytes)
Event: 0.208 Thread 0x000000001f842b60 nmethod 234 0x000000000ae8de90 code [0x000000000ae8e080, 0x000000000ae8e918]
Event: 0.209 Thread 0x000000001f842b60  235       1       java.lang.invoke.MethodHandles$Lookup::lookupClass (5 bytes)
Event: 0.209 Thread 0x000000001f842b60 nmethod 235 0x0000000012394010 code [0x00000000123941a0, 0x0000000012394258]
Event: 0.247 Thread 0x000000001f842b60  237 %     3       Main::main @ 95 (411 bytes)
Event: 0.249 Thread 0x000000001f842b60 nmethod 237% 0x000000000ae8ec10 code [0x000000000ae8f380, 0x000000000ae93ff8]
Event: 0.250 Thread 0x000000001f842b60  238       3       Main::main (411 bytes)
Event: 0.251 Thread 0x000000001f8415f0  239       4       java.lang.Integer::valueOf (32 bytes)
Event: 0.252 Thread 0x000000001f8415f0 nmethod 239 0x0000000012394610 code [0x00000000123947a0, 0x0000000012394898]
Event: 0.253 Thread 0x000000001f842b60 nmethod 238 0x000000000ae95390 code [0x000000000ae95b60, 0x000000000ae9aa88]
Event: 0.287 Thread 0x000000001f8415f0  240 %     4       Main::main @ 95 (411 bytes)
Event: 0.375 Thread 0x000000001f8415f0 nmethod 240% 0x0000000012394990 code [0x0000000012394c20, 0x00000000123969f0]

GC Heap History (17 events):
Event: 0.191 GC heap before
{Heap before GC invocations=0 (full 0):
 garbage-first heap   total 65536K, used 13312K [0x00000000c0000000, 0x0000000100000000)
  region size 1024K, 13 young (13312K), 0 survivors (0K)
 Metaspace       used 591K, capacity 4569K, committed 4864K, reserved 1056768K
  class space    used 51K, capacity 391K, committed 512K, reserved 1048576K
}
Event: 0.198 GC heap after
{Heap after GC invocations=1 (full 0):
 garbage-first heap   total 65536K, used 2108K [0x00000000c0000000, 0x0000000100000000)
  region size 1024K, 2 young (2048K), 2 survivors (2048K)
 Metaspace       used 591K, capacity 4569K, committed 4864K, reserved 1056768K
  class space    used 51K, capacity 391K, committed 512K, reserved 1048576K
}
Event: 0.235 GC heap before
{Heap before GC invocations=1 (full 0):
 garbage-first heap   total 65536K, used 17468K [0x00000000c0000000, 0x0000000100000000)
  region size 1024K, 17 young (17408K), 2 survivors (2048K)
 Metaspace       used 863K, capacity 4578K, committed 4864K, reserved 1056768K
  class space    used 82K, capacity 394K, committed 512K, reserved 1048576K
}
Event: 0.246 GC heap after
{Heap after GC invocations=2 (full 0):
 garbage-first heap   total 65536K, used 4042K [0x00000000c0000000, 0x0000000100000000)
  region size 1024K, 2 young (2048K), 2 survivors (2048K)
 Metaspace       used 863K, capacity 4578K, committed 4864K, reserved 1056768K
  class space    used 82K, capacity 394K, committed 512K, reserved 1048576K
}
Event: 0.325 GC heap before
{Heap before GC invocations=2 (full 0):
 garbage-first heap   total 65536K, used 37834K [0x00000000c0000000, 0x0000000100000000)
  region size 1024K, 34 young (34816K), 2 survivors (2048K)
 Metaspace       used 870K, capacity 4578K, committed 4864K, reserved 1056768K
  class space    used 82K, capacity 394K, committed 512K, reserved 1048576K
}
Event: 0.340 GC heap after
{Heap after GC invocations=3 (full 0):
 garbage-first heap   total 65536K, used 8331K [0x00000000c0000000, 0x0000000100000000)
  region size 1024K, 5 young (5120K), 5 survivors (5120K)
 Metaspace       used 870K, capacity 4578K, committed 4864K, reserved 1056768K
  class space    used 82K, capacity 394K, committed 512K, reserved 1048576K
}
Event: 0.395 GC heap before
{Heap before GC invocations=3 (full 0):
 garbage-first heap   total 65536K, used 42123K [0x00000000c0000000, 0x0000000100000000)
  region size 1024K, 37 young (37888K), 5 survivors (5120K)
 Metaspace       used 870K, capacity 4578K, committed 4864K, reserved 1056768K
  class space    used 82K, capacity 394K, committed 512K, reserved 1048576K
}
Event: 0.424 GC heap after
{Heap after GC invocations=4 (full 0):
 garbage-first heap   total 65536K, used 14319K [0x00000000c0000000, 0x0000000100000000)
  region size 1024K, 5 young (5120K), 5 survivors (5120K)
 Metaspace       used 870K, capacity 4578K, committed 4864K, reserved 1056768K
  class space    used 82K, capacity 394K, committed 512K, reserved 1048576K
}
Event: 0.455 GC heap before
{Heap before GC invocations=4 (full 0):
 garbage-first heap   total 65536K, used 46063K [0x00000000c0000000, 0x0000000100000000)
  region size 1024K, 34 young (34816K), 5 survivors (5120K)
 Metaspace       used 870K, capacity 4578K, committed 4864K, reserved 1056768K
  class space    used 82K, capacity 394K, committed 512K, reserved 1048576K
}
Event: 0.479 GC heap after
{Heap after GC invocations=5 (full 0):
 garbage-first heap   total 158720K, used 21105K [0x00000000c0000000, 0x0000000100000000)
  region size 1024K, 5 young (5120K), 5 survivors (5120K)
 Metaspace       used 870K, capacity 4578K, committed 4864K, reserved 1056768K
  class space    used 82K, capacity 394K, committed 512K, reserved 1048576K
}
Event: 0.607 GC heap before
{Heap before GC invocations=5 (full 0):
 garbage-first heap   total 158720K, used 114289K [0x00000000c0000000, 0x0000000100000000)
  region size 1024K, 89 young (91136K), 5 survivors (5120K)
 Metaspace       used 870K, capacity 4578K, committed 4864K, reserved 1056768K
  class space    used 82K, capacity 394K, committed 512K, reserved 1048576K
}
Event: 0.653 GC heap after
{Heap after GC invocations=6 (full 0):
 garbage-first heap   total 158720K, used 40782K [0x00000000c0000000, 0x0000000100000000)
  region size 1024K, 12 young (12288K), 12 survivors (12288K)
 Metaspace       used 870K, capacity 4578K, committed 4864K, reserved 1056768K
  class space    used 82K, capacity 394K, committed 512K, reserved 1048576K
}
Event: 0.721 GC heap before
{Heap before GC invocations=6 (full 0):
 garbage-first heap   total 158720K, used 107342K [0x00000000c0000000, 0x0000000100000000)
  region size 1024K, 77 young (78848K), 12 survivors (12288K)
 Metaspace       used 870K, capacity 4578K, committed 4864K, reserved 1056768K
  class space    used 82K, capacity 394K, committed 512K, reserved 1048576K
}
Event: 0.761 GC heap after
{Heap after GC invocations=7 (full 0):
 garbage-first heap   total 158720K, used 51522K [0x00000000c0000000, 0x0000000100000000)
  region size 1024K, 10 young (10240K), 10 survivors (10240K)
 Metaspace       used 870K, capacity 4578K, committed 4864K, reserved 1056768K
  class space    used 82K, capacity 394K, committed 512K, reserved 1048576K
}
Event: 0.824 GC heap before
{Heap before GC invocations=7 (full 0):
 garbage-first heap   total 158720K, used 118082K [0x00000000c0000000, 0x0000000100000000)
  region size 1024K, 70 young (71680K), 10 survivors (10240K)
 Metaspace       used 870K, capacity 4578K, committed 4864K, reserved 1056768K
  class space    used 82K, capacity 394K, committed 512K, reserved 1048576K
}
Event: 0.857 GC heap after
{Heap after GC invocations=8 (full 0):
 garbage-first heap   total 158720K, used 66560K [0x00000000c0000000, 0x0000000100000000)
  region size 1024K, 9 young (9216K), 9 survivors (9216K)
 Metaspace       used 870K, capacity 4578K, committed 4864K, reserved 1056768K
  class space    used 82K, capacity 394K, committed 512K, reserved 1048576K
}
Event: 0.910 GC heap before
{Heap before GC invocations=8 (full 0):
 garbage-first heap   total 158720K, used 119808K [0x00000000c0000000, 0x0000000100000000)
  region size 1024K, 61 young (62464K), 9 survivors (9216K)
 Metaspace       used 870K, capacity 4578K, committed 4864K, reserved 1056768K
  class space    used 82K, capacity 394K, committed 512K, reserved 1048576K
}

Deoptimization events (20 events):
Event: 0.279 Thread 0x00000000002ed050 DEOPT PACKING pc=0x000000000ae937f4 sp=0x000000000247f000
Event: 0.279 Thread 0x00000000002ed050 DEOPT UNPACKING pc=0x000000000a8fdf30 sp=0x000000000247e630 mode 0
Event: 0.287 Thread 0x00000000002ed050 DEOPT PACKING pc=0x000000000ae937f4 sp=0x000000000247f000
Event: 0.287 Thread 0x00000000002ed050 DEOPT UNPACKING pc=0x000000000a8fdf30 sp=0x000000000247e630 mode 0
Event: 0.297 Thread 0x00000000002ed050 DEOPT PACKING pc=0x000000000ae937f4 sp=0x000000000247f000
Event: 0.297 Thread 0x00000000002ed050 DEOPT UNPACKING pc=0x000000000a8fdf30 sp=0x000000000247e630 mode 0
Event: 0.306 Thread 0x00000000002ed050 DEOPT PACKING pc=0x000000000ae937f4 sp=0x000000000247f000
Event: 0.306 Thread 0x00000000002ed050 DEOPT UNPACKING pc=0x000000000a8fdf30 sp=0x000000000247e630 mode 0
Event: 0.315 Thread 0x00000000002ed050 DEOPT PACKING pc=0x000000000ae937f4 sp=0x000000000247f000
Event: 0.315 Thread 0x00000000002ed050 DEOPT UNPACKING pc=0x000000000a8fdf30 sp=0x000000000247e630 mode 0
Event: 0.323 Thread 0x00000000002ed050 DEOPT PACKING pc=0x000000000ae937f4 sp=0x000000000247f000
Event: 0.323 Thread 0x00000000002ed050 DEOPT UNPACKING pc=0x000000000a8fdf30 sp=0x000000000247e630 mode 0
Event: 0.350 Thread 0x00000000002ed050 DEOPT PACKING pc=0x000000000ae937f4 sp=0x000000000247f000
Event: 0.350 Thread 0x00000000002ed050 DEOPT UNPACKING pc=0x000000000a8fdf30 sp=0x000000000247e630 mode 0
Event: 0.358 Thread 0x00000000002ed050 DEOPT PACKING pc=0x000000000ae937f4 sp=0x000000000247f000
Event: 0.358 Thread 0x00000000002ed050 DEOPT UNPACKING pc=0x000000000a8fdf30 sp=0x000000000247e630 mode 0
Event: 0.366 Thread 0x00000000002ed050 DEOPT PACKING pc=0x000000000ae937f4 sp=0x000000000247f000
Event: 0.366 Thread 0x00000000002ed050 DEOPT UNPACKING pc=0x000000000a8fdf30 sp=0x000000000247e630 mode 0
Event: 0.375 Thread 0x00000000002ed050 DEOPT PACKING pc=0x000000000ae937f4 sp=0x000000000247f000
Event: 0.375 Thread 0x00000000002ed050 DEOPT UNPACKING pc=0x000000000a8fdf30 sp=0x000000000247e630 mode 0

Classes unloaded (0 events):
No events

Classes redefined (0 events):
No events

Internal exceptions (3 events):
Event: 0.148 Thread 0x0000000020aa14c0 Exception <a 'java/lang/NoSuchMethodError'{0x00000000c3ed0b78}: 'java.lang.Object java.lang.invoke.DirectMethodHandle$Holder.invokeStatic(java.lang.Object)'> (0x00000000c3ed0b78) 
thrown [./open/src/hotspot/share/interpreter/linkResolver.cpp, line 782]
Event: 0.199 Thread 0x0000000020aa14c0 Exception <a 'java/lang/NoSuchMethodError'{0x00000000c3f02990}: 'java.lang.Object java.lang.invoke.DirectMethodHandle$Holder.invokeStaticInit(java.lang.Object)'> (0x00000000c3f02990) 
thrown [./open/src/hotspot/share/interpreter/linkResolver.cpp, line 782]
Event: 0.207 Thread 0x0000000020aa14c0 Exception <a 'java/lang/NoSuchMethodError'{0x00000000c3f0fd38}: 'void java.lang.invoke.DirectMethodHandle$Holder.invokeStatic(java.lang.Object, java.lang.Object)'> (0x00000000c3f0fd38) 
thrown [./open/src/hotspot/share/interpreter/linkResolver.cpp, line 782]

Events (20 events):
Event: 0.212 loading class sun/nio/ch/Util$1 done
Event: 0.212 loading class sun/nio/ch/Util$BufferCache
Event: 0.212 loading class sun/nio/ch/Util$BufferCache done
Event: 0.212 loading class java/nio/DirectByteBuffer$Deallocator
Event: 0.212 loading class java/nio/DirectByteBuffer$Deallocator done
Event: 0.235 Executing VM operation: G1CollectForAllocation
Event: 0.246 Executing VM operation: G1CollectForAllocation done
Event: 0.324 Executing VM operation: G1CollectForAllocation
Event: 0.343 Executing VM operation: G1CollectForAllocation done
Event: 0.395 Executing VM operation: G1CollectForAllocation
Event: 0.424 Executing VM operation: G1CollectForAllocation done
Event: 0.455 Executing VM operation: G1CollectForAllocation
Event: 0.487 Executing VM operation: G1CollectForAllocation done
Event: 0.607 Executing VM operation: G1CollectForAllocation
Event: 0.653 Executing VM operation: G1CollectForAllocation done
Event: 0.721 Executing VM operation: G1CollectForAllocation
Event: 0.761 Executing VM operation: G1CollectForAllocation done
Event: 0.824 Executing VM operation: G1CollectForAllocation
Event: 0.857 Executing VM operation: G1CollectForAllocation done
Event: 0.910 Executing VM operation: G1CollectForAllocation


Dynamic libraries:
0x000000013f7a0000 - 0x000000013f7af000 	C:\Program Files\Java\jdk-15.0.2\bin\java.exe
0x0000000077bc0000 - 0x0000000077d5f000 	C:\Windows\SYSTEM32\ntdll.dll
0x0000000077aa0000 - 0x0000000077bbf000 	C:\Windows\system32\kernel32.dll
0x000007fefdbb0000 - 0x000007fefdc1a000 	C:\Windows\system32\KERNELBASE.dll
0x000007fefb740000 - 0x000007fefb758000 	C:\Program Files\Java\jdk-15.0.2\bin\jli.dll
0x000007fefe930000 - 0x000007fefea0b000 	C:\Windows\system32\ADVAPI32.dll
0x000007fefdf40000 - 0x000007fefdfdf000 	C:\Windows\system32\msvcrt.dll
0x000007fefe4c0000 - 0x000007fefe4df000 	C:\Windows\SYSTEM32\sechost.dll
0x000007fefdfe0000 - 0x000007fefe10c000 	C:\Windows\system32\RPCRT4.dll
0x000007fefc590000 - 0x000007fefc784000 	C:\Windows\WinSxS\amd64_microsoft.windows.common-controls_6595b64144ccf1df_6.0.7601.17514_none_fa396087175ac9ac\COMCTL32.dll
0x000007feffd00000 - 0x000007feffd67000 	C:\Windows\system32\GDI32.dll
0x00000000779a0000 - 0x0000000077a9a000 	C:\Windows\system32\USER32.dll
0x000007fefdf30000 - 0x000007fefdf3e000 	C:\Windows\system32\LPK.dll
0x000007fefe110000 - 0x000007fefe1d9000 	C:\Windows\system32\USP10.dll
0x000007fefe420000 - 0x000007fefe491000 	C:\Windows\system32\SHLWAPI.dll
0x000007fefcc20000 - 0x000007fefcc2c000 	C:\Windows\system32\VERSION.dll
0x000007fefb610000 - 0x000007fefb629000 	C:\Program Files\Java\jdk-15.0.2\bin\VCRUNTIME140.dll
0x000007fefc440000 - 0x000007fefc444000 	C:\Program Files\Java\jdk-15.0.2\bin\api-ms-win-crt-runtime-l1-1-0.dll
0x000007fef8220000 - 0x000007fef831a000 	C:\Program Files\Java\jdk-15.0.2\bin\ucrtbase.DLL
0x000007fefb510000 - 0x000007fefb513000 	C:\Program Files\Java\jdk-15.0.2\bin\api-ms-win-core-localization-l1-2-0.dll
0x000007fefb500000 - 0x000007fefb503000 	C:\Program Files\Java\jdk-15.0.2\bin\api-ms-win-core-processthreads-l1-1-1.dll
0x000007fefb480000 - 0x000007fefb483000 	C:\Program Files\Java\jdk-15.0.2\bin\api-ms-win-core-file-l1-2-0.dll
0x000007fefb470000 - 0x000007fefb473000 	C:\Program Files\Java\jdk-15.0.2\bin\api-ms-win-core-timezone-l1-1-0.dll
0x000007fefb460000 - 0x000007fefb463000 	C:\Program Files\Java\jdk-15.0.2\bin\api-ms-win-core-file-l2-1-0.dll
0x000007fefb450000 - 0x000007fefb453000 	C:\Program Files\Java\jdk-15.0.2\bin\api-ms-win-core-synch-l1-2-0.dll
0x000007fefaa80000 - 0x000007fefaa83000 	C:\Program Files\Java\jdk-15.0.2\bin\api-ms-win-crt-heap-l1-1-0.dll
0x000007fefa400000 - 0x000007fefa404000 	C:\Program Files\Java\jdk-15.0.2\bin\api-ms-win-crt-string-l1-1-0.dll
0x000007fefa3f0000 - 0x000007fefa3f4000 	C:\Program Files\Java\jdk-15.0.2\bin\api-ms-win-crt-stdio-l1-1-0.dll
0x000007fefa3e0000 - 0x000007fefa3e4000 	C:\Program Files\Java\jdk-15.0.2\bin\api-ms-win-crt-convert-l1-1-0.dll
0x000007fefa3d0000 - 0x000007fefa3d3000 	C:\Program Files\Java\jdk-15.0.2\bin\api-ms-win-crt-environment-l1-1-0.dll
0x000007fefa3c0000 - 0x000007fefa3c3000 	C:\Program Files\Java\jdk-15.0.2\bin\api-ms-win-crt-filesystem-l1-1-0.dll
0x000007fefa3b0000 - 0x000007fefa3b5000 	C:\Program Files\Java\jdk-15.0.2\bin\api-ms-win-crt-math-l1-1-0.dll
0x000007fefa3a0000 - 0x000007fefa3a3000 	C:\Program Files\Java\jdk-15.0.2\bin\api-ms-win-crt-locale-l1-1-0.dll
0x000007fefe1e0000 - 0x000007fefe20e000 	C:\Windows\system32\IMM32.DLL
0x000007feffd70000 - 0x000007feffe79000 	C:\Windows\system32\MSCTF.dll
0x000007fef9840000 - 0x000007fef984c000 	C:\Program Files\Java\jdk-15.0.2\bin\vcruntime140_1.dll
0x000007fef8470000 - 0x000007fef8501000 	C:\Program Files\Java\jdk-15.0.2\bin\msvcp140.dll
0x000007fef9820000 - 0x000007fef9823000 	C:\Program Files\Java\jdk-15.0.2\bin\api-ms-win-crt-time-l1-1-0.dll
0x000007fef9830000 - 0x000007fef9833000 	C:\Program Files\Java\jdk-15.0.2\bin\api-ms-win-crt-utility-l1-1-0.dll
0x000007fee6890000 - 0x000007fee73ee000 	C:\Program Files\Java\jdk-15.0.2\bin\server\jvm.dll
0x000007fefb600000 - 0x000007fefb609000 	C:\Windows\system32\WSOCK32.dll
0x000007feffaa0000 - 0x000007feffaed000 	C:\Windows\system32\WS2_32.dll
0x000007fefe4e0000 - 0x000007fefe4e8000 	C:\Windows\system32\NSI.dll
0x000007fefba50000 - 0x000007fefba8b000 	C:\Windows\system32\WINMM.dll
0x0000000077d60000 - 0x0000000077d67000 	C:\Windows\system32\PSAPI.DLL
0x000007fef87d0000 - 0x000007fef87da000 	C:\Program Files\Java\jdk-15.0.2\bin\jimage.dll
0x000007fef8510000 - 0x000007fef8635000 	C:\Windows\system32\DBGHELP.DLL
0x000007fefc430000 - 0x000007fefc43e000 	C:\Program Files\Java\jdk-15.0.2\bin\instrument.dll
0x000007fef8740000 - 0x000007fef8765000 	C:\Program Files\Java\jdk-15.0.2\bin\java.dll
0x000007fefec90000 - 0x000007feffa18000 	C:\Windows\system32\SHELL32.dll
0x000007fefe210000 - 0x000007fefe413000 	C:\Windows\system32\ole32.dll
0x000007fefdac0000 - 0x000007fefdacf000 	C:\Windows\system32\profapi.dll
0x000007fef8410000 - 0x000007fef8428000 	C:\Program Files\Java\jdk-15.0.2\bin\zip.dll
0x000007fef8450000 - 0x000007fef8469000 	C:\Program Files\Java\jdk-15.0.2\bin\net.dll
0x000007fefa4a0000 - 0x000007fefa511000 	C:\Windows\system32\WINHTTP.dll
0x000007fefa430000 - 0x000007fefa494000 	C:\Windows\system32\webio.dll
0x000007fefd2e0000 - 0x000007fefd335000 	C:\Windows\system32\mswsock.dll
0x000007fefd2d0000 - 0x000007fefd2d7000 	C:\Windows\System32\wship6.dll
0x000007fef8430000 - 0x000007fef8442000 	C:\Program Files\Java\jdk-15.0.2\bin\nio.dll
0x000007fef8770000 - 0x000007fef878a000 	C:\Program Files\JetBrains\IntelliJ IDEA Community Edition 2020.2.4\bin\breakgen64.dll

dbghelp: loaded successfully - version: 4.0.5 - missing functions: none
symbol engine: initialized successfully - sym options: 0x614 - pdb path: .;C:\Program Files\Java\jdk-15.0.2\bin;C:\Windows\SYSTEM32;C:\Windows\WinSxS\amd64_microsoft.windows.common-controls_6595b64144ccf1df_6.0.7601.17514_none_fa396087175ac9ac;C:\Program Files\Java\jdk-15.0.2\bin\server;C:\Program Files\JetBrains\IntelliJ IDEA Community Edition 2020.2.4\bin

VM Arguments:
jvm_args: -javaagent:C:\Program Files\JetBrains\IntelliJ IDEA Community Edition 2020.2.4\lib\idea_rt.jar=56849:C:\Program Files\JetBrains\IntelliJ IDEA Community Edition 2020.2.4\bin -Dfile.encoding=UTF-8 
java_command: Main
java_class_path (initial): C:\Users\Nikki\Desktop\project\streams.task2\out\production\streams.task2
Launcher Type: SUN_STANDARD

[Global flags]
     intx CICompilerCount                          = 3                                         {product} {ergonomic}
     uint ConcGCThreads                            = 1                                         {product} {ergonomic}
     uint G1ConcRefinementThreads                  = 4                                         {product} {ergonomic}
   size_t G1HeapRegionSize                         = 1048576                                   {product} {ergonomic}
    uintx GCDrainStackTargetSize                   = 64                                        {product} {ergonomic}
   size_t InitialHeapSize                          = 67108864                                  {product} {ergonomic}
   size_t MarkStackSize                            = 4194304                                   {product} {ergonomic}
   size_t MaxHeapSize                              = 1073741824                                {product} {ergonomic}
   size_t MaxNewSize                               = 643825664                                 {product} {ergonomic}
   size_t MinHeapDeltaBytes                        = 1048576                                   {product} {ergonomic}
   size_t MinHeapSize                              = 8388608                                   {product} {ergonomic}
    uintx NonNMethodCodeHeapSize                   = 5832780                                {pd product} {ergonomic}
    uintx NonProfiledCodeHeapSize                  = 122912730                              {pd product} {ergonomic}
    uintx ProfiledCodeHeapSize                     = 122912730                              {pd product} {ergonomic}
    uintx ReservedCodeCacheSize                    = 251658240                              {pd product} {ergonomic}
     bool SegmentedCodeCache                       = true                                      {product} {ergonomic}
   size_t SoftMaxHeapSize                          = 1073741824                             {manageable} {ergonomic}
     bool UseCompressedClassPointers               = true                                 {lp64_product} {ergonomic}
     bool UseCompressedOops                        = true                                 {lp64_product} {ergonomic}
     bool UseG1GC                                  = true                                      {product} {ergonomic}
     bool UseLargePagesIndividualAllocation        = false                                  {pd product} {ergonomic}

Logging:
Log output configuration:
 #0: stdout all=warning uptime,level,tags
 #1: stderr all=off uptime,level,tags

Environment Variables:
JAVA_HOME=C:\Program Files\Java\jdk-15.0.2
PATH=C:\Program Files\Common Files\Oracle\Java\javapath;C:\Program Files (x86)\Common Files\Oracle\Java\javapath;C:\Windows\system32;C:\Windows;C:\Windows\System32\Wbem;C:\Windows\System32\WindowsPowerShell\v1.0\;C:\Program Files\Git\cmd;C:\Program Files\Java\jdk-15.0.2/bin;C:\Users\Nikki\AppData\Local\Programs\Microsoft VS Code\bin
USERNAME=Nikki
OS=Windows_NT
PROCESSOR_IDENTIFIER=Intel64 Family 6 Model 30 Stepping 5, GenuineIntel



---------------  S Y S T E M  ---------------

OS:
 Windows 7 , 64 bit Build 7601 (6.1.7601.24384)
OS uptime: 0 days 2:29 hours

CPU: total 4 (initial active 4) (4 cores per cpu, 1 threads per core) family 6 model 30 stepping 5 microcode 0x0, cmov, cx8, fxsr, mmx, sse, sse2, sse3, ssse3, sse4.1, sse4.2, popcnt, tsc, tscinvbit, clflush

Memory: 4k page, system-wide physical 4091M (597M free)
TotalPageFile size 5113M (AvailPageFile size 126M)
current process WorkingSet (physical memory assigned to process): 188M, peak: 188M
current process commit charge ("private bytes"): 244M, peak: 553M

vm_info: Java HotSpot(TM) 64-Bit Server VM (15.0.2+7-27) for windows-amd64 JRE (15.0.2+7-27), built on Dec  7 2020 20:07:01 by "mach5one" with unknown MS VC++:1925

END.
