#
# There is insufficient memory for the Java Runtime Environment to continue.
# Native memory allocation (mmap) failed to map 306184192 bytes for G1 virtual space
# Possible reasons:
#   The system is out of physical RAM or swap space
#   The process is running with CompressedOops enabled, and the Java Heap may be blocking the growth of the native heap
# Possible solutions:
#   Reduce memory load on the system
#   Increase physical memory or swap space
#   Check if swap backing store is full
#   Decrease Java heap size (-Xmx/-Xms)
#   Decrease number of Java threads
#   Decrease Java thread stack sizes (-Xss)
#   Set larger code cache with -XX:ReservedCodeCacheSize=
#   JVM is running with Unscaled Compressed Oops mode in which the Java heap is
#     placed in the first 4GB address space. The Java Heap base address is the
#     maximum limit for the native heap growth. Please use -XX:HeapBaseMinAddress
#     to set the Java Heap base and to place the Java Heap above 4GB virtual address.
# This output file may be truncated or incomplete.
#
#  Out of Memory Error (./open/src/hotspot/os/windows/os_windows.cpp:3321), pid=5180, tid=5832
#
# JRE version: Java(TM) SE Runtime Environment (15.0.2+7) (build 15.0.2+7-27)
# Java VM: Java HotSpot(TM) 64-Bit Server VM (15.0.2+7-27, mixed mode, sharing, tiered, compressed oops, g1 gc, windows-amd64)
# No core dump will be written. Minidumps are not enabled by default on client versions of Windows
#

---------------  S U M M A R Y ------------

Command Line: -javaagent:C:\Program Files\JetBrains\IntelliJ IDEA Community Edition 2020.2.4\lib\idea_rt.jar=56882:C:\Program Files\JetBrains\IntelliJ IDEA Community Edition 2020.2.4\bin -Dfile.encoding=UTF-8 Main

Host: Intel(R) Core(TM) i5 CPU         750  @ 2.67GHz, 4 cores, 3G,  Windows 7 , 64 bit Build 7601 (6.1.7601.24384)
Time: Sat May 21 21:59:52 2022 Iineianeia a?aiy (eaoi) elapsed time: 1.063758 seconds (0d 0h 0m 1s)

---------------  T H R E A D  ---------------

Current thread (0x000000001fa878d0):  VMThread "VM Thread" [stack: 0x000000001fc80000,0x000000001fd80000] [id=5832]

Stack: [0x000000001fc80000,0x000000001fd80000]
[error occurred during error reporting (printing stack bounds), id 0xc0000005, EXCEPTION_ACCESS_VIOLATION (0xc0000005) at pc=0x000000000aa210bd]

Native frames: (J=compiled Java code, j=interpreted, Vv=VM code, C=native code)
V  [jvm.dll+0x62ae9a]
V  [jvm.dll+0x7817a9]
V  [jvm.dll+0x782f03]
V  [jvm.dll+0x7834c5]
V  [jvm.dll+0x78347b]
V  [jvm.dll+0x62a2b9]
V  [jvm.dll+0x62aa88]
C  [ntdll.dll+0x6bf7d]
C  [ntdll.dll+0x4043a]
C  [ntdll.dll+0x6b61e]
C  0x000000000aa210bd

VM_Operation (0x00000000023af480): G1CollectForAllocation, mode: safepoint, requested by thread 0x000000000042d050


---------------  P R O C E S S  ---------------

Threads class SMR info:
_java_thread_list=0x0000000020ac6690, length=12, elements={
0x000000000042d050, 0x000000001fa89850, 0x000000001fa8b330, 0x000000001faa7e00,
0x000000001faa86c0, 0x000000001faa8f80, 0x000000001faad120, 0x000000001faadad0,
0x000000001fac97e0, 0x000000001fbaccf0, 0x0000000020acdf40, 0x0000000020b0ce20
}

Java Threads: ( => current thread )
  0x000000000042d050 JavaThread "main" [_thread_blocked, id=4356, stack(0x00000000022b0000,0x00000000023b0000)]
  0x000000001fa89850 JavaThread "Reference Handler" daemon [_thread_blocked, id=2720, stack(0x000000001fe90000,0x000000001ff90000)]
  0x000000001fa8b330 JavaThread "Finalizer" daemon [_thread_blocked, id=6680, stack(0x000000001ee20000,0x000000001ef20000)]
  0x000000001faa7e00 JavaThread "Signal Dispatcher" daemon [_thread_blocked, id=6740, stack(0x000000001ff90000,0x0000000020090000)]
  0x000000001faa86c0 JavaThread "Attach Listener" daemon [_thread_blocked, id=3376, stack(0x00000000200e0000,0x00000000201e0000)]
  0x000000001faa8f80 JavaThread "Service Thread" daemon [_thread_blocked, id=3264, stack(0x00000000203c0000,0x00000000204c0000)]
  0x000000001faad120 JavaThread "C2 CompilerThread0" daemon [_thread_blocked, id=5872, stack(0x0000000020230000,0x0000000020330000)]
  0x000000001faadad0 JavaThread "C1 CompilerThread0" daemon [_thread_blocked, id=6312, stack(0x0000000020510000,0x0000000020610000)]
  0x000000001fac97e0 JavaThread "Sweeper thread" daemon [_thread_blocked, id=5156, stack(0x0000000020730000,0x0000000020830000)]
  0x000000001fbaccf0 JavaThread "Common-Cleaner" daemon [_thread_blocked, id=6004, stack(0x0000000020980000,0x0000000020a80000)]
  0x0000000020acdf40 JavaThread "Monitor Ctrl-Break" daemon [_thread_in_native, id=3136, stack(0x0000000021150000,0x0000000021250000)]
  0x0000000020b0ce20 JavaThread "Notification Thread" daemon [_thread_blocked, id=3200, stack(0x00000000212c0000,0x00000000213c0000)]

Other Threads:
=>0x000000001fa878d0 VMThread "VM Thread" [stack: 0x000000001fc80000,0x000000001fd80000] [id=5832]
  0x0000000020ace410 WatcherThread [stack: 0x0000000020850000,0x0000000020950000] [id=6360]
  0x0000000000459010 GCTaskThread "GC Thread#0" [stack: 0x000000001c650000,0x000000001c750000] [id=6332]
  0x0000000020abfd60 GCTaskThread "GC Thread#1" [stack: 0x0000000020e80000,0x0000000020f80000] [id=2516]
  0x0000000020ac0090 GCTaskThread "GC Thread#2" [stack: 0x0000000022170000,0x0000000022270000] [id=2456]
  0x0000000000464070 ConcurrentGCThread "G1 Main Marker" [stack: 0x000000001c870000,0x000000001c970000] [id=5596]
  0x0000000000465730 ConcurrentGCThread "G1 Conc#0" [stack: 0x000000001c9d0000,0x000000001cad0000] [id=5960]
  0x00000000004acc10 ConcurrentGCThread "G1 Refine#0" [stack: 0x000000001efd0000,0x000000001f0d0000] [id=5716]
  0x0000000020b84a60 ConcurrentGCThread "G1 Refine#1" [stack: 0x0000000021c00000,0x0000000021d00000] [id=4624]
  0x0000000020b22510 ConcurrentGCThread "G1 Refine#2" [stack: 0x0000000021e00000,0x0000000021f00000] [id=2428]
  0x0000000020b2bd30 ConcurrentGCThread "G1 Refine#3" [stack: 0x0000000021f90000,0x0000000022090000] [id=1628]
  0x00000000004ae720 ConcurrentGCThread "G1 Young RemSet Sampling" [stack: 0x000000001f0f0000,0x000000001f1f0000] [id=6896]

Threads with active compile tasks:

VM state: at safepoint (normal execution)

VM Mutex/Monitor currently owned by a thread:  ([mutex/lock_event])
[0x00000000004267e0] Threads_lock - owner thread: 0x000000001fa878d0
[0x0000000000426ea0] Heap_lock - owner thread: 0x000000000042d050

Heap address: 0x00000000c0000000, size: 1024 MB, Compressed Oops mode: 32-bit
CDS archive(s) mapped at: [0x0000000800000000-0x0000000800b50000-0x0000000800b50000), size 11862016, SharedBaseAddress: 0x0000000800000000, ArchiveRelocationMode: 0.
Compressed class space mapped at: 0x0000000800b50000-0x0000000840b50000, size: 1073741824
Narrow klass base: 0x0000000800000000, Narrow klass shift: 3, Narrow klass range: 0x100000000

GC Precious Log:
 CPUs: 4 total, 4 available
 Memory: 4091M
 Large Page Support: Disabled
 NUMA Support: Disabled
 Compressed Oops: Enabled (32-bit)
 Heap Region Size: 1M
 Heap Min Capacity: 8M
 Heap Initial Capacity: 64M
 Heap Max Capacity: 1G
 Pre-touch: Disabled
 Parallel Workers: 4
 Concurrent Workers: 1
 Concurrent Refinement Workers: 4
 Periodic GC: Disabled

Heap:
 garbage-first heap   total 448512K, used 78848K [0x00000000c0000000, 0x0000000100000000)
  region size 1024K, 7 young (7168K), 7 survivors (7168K)
 Metaspace       used 873K, capacity 4578K, committed 4864K, reserved 1056768K
  class space    used 82K, capacity 394K, committed 512K, reserved 1048576K

Heap Regions: E=young(eden), S=young(survivor), O=old, HS=humongous(starts), HC=humongous(continues), CS=collection set, F=free, OA=open archive, CA=closed archive, TAMS=top-at-mark-start (previous, next)
|   0|0x00000000c0000000, 0x00000000c0100000, 0x00000000c0100000|100%| O|  |TAMS 0x00000000c0000000, 0x00000000c0000000| Untracked 
|   1|0x00000000c0100000, 0x00000000c0200000, 0x00000000c0200000|100%| O|  |TAMS 0x00000000c0100000, 0x00000000c0100000| Untracked 
|   2|0x00000000c0200000, 0x00000000c0300000, 0x00000000c0300000|100%|HS|  |TAMS 0x00000000c0200000, 0x00000000c0200000| Complete 
|   3|0x00000000c0300000, 0x00000000c0400000, 0x00000000c0400000|100%|HS|  |TAMS 0x00000000c0300000, 0x00000000c0300000| Complete 
|   4|0x00000000c0400000, 0x00000000c0500000, 0x00000000c0500000|100%|HS|  |TAMS 0x00000000c0400000, 0x00000000c0400000| Complete 
|   5|0x00000000c0500000, 0x00000000c0600000, 0x00000000c0600000|100%|HC|  |TAMS 0x00000000c0500000, 0x00000000c0500000| Complete 
|   6|0x00000000c0600000, 0x00000000c0700000, 0x00000000c0700000|100%| O|  |TAMS 0x00000000c0600000, 0x00000000c0600000| Untracked 
|   7|0x00000000c0700000, 0x00000000c0800000, 0x00000000c0800000|100%| O|  |TAMS 0x00000000c0700000, 0x00000000c0700000| Untracked 
|   8|0x00000000c0800000, 0x00000000c0900000, 0x00000000c0900000|100%| O|  |TAMS 0x00000000c0800000, 0x00000000c0800000| Untracked 
|   9|0x00000000c0900000, 0x00000000c0a00000, 0x00000000c0a00000|100%| O|  |TAMS 0x00000000c0900000, 0x00000000c0900000| Untracked 
|  10|0x00000000c0a00000, 0x00000000c0b00000, 0x00000000c0b00000|100%|HS|  |TAMS 0x00000000c0a00000, 0x00000000c0a00000| Complete 
|  11|0x00000000c0b00000, 0x00000000c0c00000, 0x00000000c0c00000|100%|HC|  |TAMS 0x00000000c0b00000, 0x00000000c0b00000| Complete 
|  12|0x00000000c0c00000, 0x00000000c0d00000, 0x00000000c0d00000|100%|HC|  |TAMS 0x00000000c0c00000, 0x00000000c0c00000| Complete 
|  13|0x00000000c0d00000, 0x00000000c0e00000, 0x00000000c0e00000|100%| O|  |TAMS 0x00000000c0d00000, 0x00000000c0d00000| Untracked 
|  14|0x00000000c0e00000, 0x00000000c0f00000, 0x00000000c0f00000|100%| O|  |TAMS 0x00000000c0e00000, 0x00000000c0e00000| Untracked 
|  15|0x00000000c0f00000, 0x00000000c1000000, 0x00000000c1000000|100%| O|  |TAMS 0x00000000c0f00000, 0x00000000c0f00000| Untracked 
|  16|0x00000000c1000000, 0x00000000c1100000, 0x00000000c1100000|100%| O|  |TAMS 0x00000000c1000000, 0x00000000c1000000| Untracked 
|  17|0x00000000c1100000, 0x00000000c1200000, 0x00000000c1200000|100%|HS|  |TAMS 0x00000000c1100000, 0x00000000c1100000| Complete 
|  18|0x00000000c1200000, 0x00000000c1300000, 0x00000000c1300000|100%|HC|  |TAMS 0x00000000c1200000, 0x00000000c1200000| Complete 
|  19|0x00000000c1300000, 0x00000000c1400000, 0x00000000c1400000|100%|HC|  |TAMS 0x00000000c1300000, 0x00000000c1300000| Complete 
|  20|0x00000000c1400000, 0x00000000c1500000, 0x00000000c1500000|100%|HC|  |TAMS 0x00000000c1400000, 0x00000000c1400000| Complete 
|  21|0x00000000c1500000, 0x00000000c1600000, 0x00000000c1600000|100%| O|  |TAMS 0x00000000c1500000, 0x00000000c1500000| Untracked 
|  22|0x00000000c1600000, 0x00000000c1700000, 0x00000000c1700000|100%| O|  |TAMS 0x00000000c1600000, 0x00000000c1600000| Untracked 
|  23|0x00000000c1700000, 0x00000000c1800000, 0x00000000c1800000|100%| O|  |TAMS 0x00000000c1700000, 0x00000000c1700000| Untracked 
|  24|0x00000000c1800000, 0x00000000c1900000, 0x00000000c1900000|100%| O|  |TAMS 0x00000000c1800000, 0x00000000c1800000| Untracked 
|  25|0x00000000c1900000, 0x00000000c1a00000, 0x00000000c1a00000|100%| O|  |TAMS 0x00000000c1900000, 0x00000000c1900000| Untracked 
|  26|0x00000000c1a00000, 0x00000000c1b00000, 0x00000000c1b00000|100%| O|  |TAMS 0x00000000c1a00000, 0x00000000c1a00000| Untracked 
|  27|0x00000000c1b00000, 0x00000000c1c00000, 0x00000000c1c00000|100%| O|  |TAMS 0x00000000c1b00000, 0x00000000c1b00000| Untracked 
|  28|0x00000000c1c00000, 0x00000000c1d00000, 0x00000000c1d00000|100%| O|  |TAMS 0x00000000c1c00000, 0x00000000c1c00000| Untracked 
|  29|0x00000000c1d00000, 0x00000000c1e00000, 0x00000000c1e00000|100%| O|  |TAMS 0x00000000c1d00000, 0x00000000c1d00000| Untracked 
|  30|0x00000000c1e00000, 0x00000000c1f00000, 0x00000000c1f00000|100%| O|  |TAMS 0x00000000c1e00000, 0x00000000c1e00000| Untracked 
|  31|0x00000000c1f00000, 0x00000000c2000000, 0x00000000c2000000|100%| O|  |TAMS 0x00000000c1f00000, 0x00000000c1f00000| Untracked 
|  32|0x00000000c2000000, 0x00000000c2100000, 0x00000000c2100000|100%| O|  |TAMS 0x00000000c2000000, 0x00000000c2000000| Untracked 
|  33|0x00000000c2100000, 0x00000000c2200000, 0x00000000c2200000|100%|HS|  |TAMS 0x00000000c2100000, 0x00000000c2100000| Complete 
|  34|0x00000000c2200000, 0x00000000c2300000, 0x00000000c2300000|100%|HC|  |TAMS 0x00000000c2200000, 0x00000000c2200000| Complete 
|  35|0x00000000c2300000, 0x00000000c2400000, 0x00000000c2400000|100%|HC|  |TAMS 0x00000000c2300000, 0x00000000c2300000| Complete 
|  36|0x00000000c2400000, 0x00000000c2500000, 0x00000000c2500000|100%|HC|  |TAMS 0x00000000c2400000, 0x00000000c2400000| Complete 
|  37|0x00000000c2500000, 0x00000000c2600000, 0x00000000c2600000|100%|HC|  |TAMS 0x00000000c2500000, 0x00000000c2500000| Complete 
|  38|0x00000000c2600000, 0x00000000c2700000, 0x00000000c2700000|100%| O|  |TAMS 0x00000000c2600000, 0x00000000c2600000| Untracked 
|  39|0x00000000c2700000, 0x00000000c2800000, 0x00000000c2800000|100%| O|  |TAMS 0x00000000c2700000, 0x00000000c2700000| Untracked 
|  40|0x00000000c2800000, 0x00000000c2900000, 0x00000000c2900000|100%| O|  |TAMS 0x00000000c2800000, 0x00000000c2800000| Untracked 
|  41|0x00000000c2900000, 0x00000000c2a00000, 0x00000000c2a00000|100%| O|  |TAMS 0x00000000c2900000, 0x00000000c2900000| Untracked 
|  42|0x00000000c2a00000, 0x00000000c2b00000, 0x00000000c2b00000|100%| O|  |TAMS 0x00000000c2a00000, 0x00000000c2a00000| Untracked 
|  43|0x00000000c2b00000, 0x00000000c2c00000, 0x00000000c2c00000|100%| O|  |TAMS 0x00000000c2b00000, 0x00000000c2b00000| Untracked 
|  44|0x00000000c2c00000, 0x00000000c2d00000, 0x00000000c2d00000|100%| O|  |TAMS 0x00000000c2c00000, 0x00000000c2c00000| Untracked 
|  45|0x00000000c2d00000, 0x00000000c2e00000, 0x00000000c2e00000|100%|HS|  |TAMS 0x00000000c2d00000, 0x00000000c2d00000| Complete 
|  46|0x00000000c2e00000, 0x00000000c2f00000, 0x00000000c2f00000|100%|HC|  |TAMS 0x00000000c2e00000, 0x00000000c2e00000| Complete 
|  47|0x00000000c2f00000, 0x00000000c3000000, 0x00000000c3000000|100%|HC|  |TAMS 0x00000000c2f00000, 0x00000000c2f00000| Complete 
|  48|0x00000000c3000000, 0x00000000c3100000, 0x00000000c3100000|100%|HC|  |TAMS 0x00000000c3000000, 0x00000000c3000000| Complete 
|  49|0x00000000c3100000, 0x00000000c3200000, 0x00000000c3200000|100%|HC|  |TAMS 0x00000000c3100000, 0x00000000c3100000| Complete 
|  50|0x00000000c3200000, 0x00000000c3300000, 0x00000000c3300000|100%|HC|  |TAMS 0x00000000c3200000, 0x00000000c3200000| Complete 
|  51|0x00000000c3300000, 0x00000000c3400000, 0x00000000c3400000|100%|HC|  |TAMS 0x00000000c3300000, 0x00000000c3300000| Complete 
|  52|0x00000000c3400000, 0x00000000c3500000, 0x00000000c3500000|100%| O|  |TAMS 0x00000000c3400000, 0x00000000c3400000| Untracked 
|  53|0x00000000c3500000, 0x00000000c3600000, 0x00000000c3600000|100%| O|  |TAMS 0x00000000c3500000, 0x00000000c3500000| Untracked 
|  54|0x00000000c3600000, 0x00000000c3700000, 0x00000000c3700000|100%| O|  |TAMS 0x00000000c3600000, 0x00000000c3600000| Untracked 
|  55|0x00000000c3700000, 0x00000000c3800000, 0x00000000c3800000|100%| O|  |TAMS 0x00000000c3700000, 0x00000000c3700000| Untracked 
|  56|0x00000000c3800000, 0x00000000c3900000, 0x00000000c3900000|100%| O|  |TAMS 0x00000000c3800000, 0x00000000c3800000| Untracked 
|  57|0x00000000c3900000, 0x00000000c3a00000, 0x00000000c3a00000|100%| O|  |TAMS 0x00000000c3900000, 0x00000000c3900000| Untracked 
|  58|0x00000000c3a00000, 0x00000000c3b00000, 0x00000000c3b00000|100%| O|  |TAMS 0x00000000c3a00000, 0x00000000c3a00000| Untracked 
|  59|0x00000000c3b00000, 0x00000000c3c00000, 0x00000000c3c00000|100%| O|  |TAMS 0x00000000c3b00000, 0x00000000c3b00000| Untracked 
|  60|0x00000000c3c00000, 0x00000000c3d00000, 0x00000000c3d00000|100%| O|  |TAMS 0x00000000c3c00000, 0x00000000c3c00000| Untracked 
|  61|0x00000000c3d00000, 0x00000000c3e00000, 0x00000000c3e00000|100%| O|  |TAMS 0x00000000c3d00000, 0x00000000c3d00000| Untracked 
|  62|0x00000000c3e00000, 0x00000000c3f00000, 0x00000000c3f00000|100%| O|  |TAMS 0x00000000c3e00000, 0x00000000c3e00000| Untracked 
|  63|0x00000000c3f00000, 0x00000000c4000000, 0x00000000c4000000|100%| O|  |TAMS 0x00000000c3f00000, 0x00000000c3f00000| Untracked 
|  64|0x00000000c4000000, 0x00000000c4100000, 0x00000000c4100000|100%| O|  |TAMS 0x00000000c4000000, 0x00000000c4000000| Untracked 
|  65|0x00000000c4100000, 0x00000000c4200000, 0x00000000c4200000|100%| O|  |TAMS 0x00000000c4100000, 0x00000000c4100000| Untracked 
|  66|0x00000000c4200000, 0x00000000c4300000, 0x00000000c4300000|100%| O|  |TAMS 0x00000000c4200000, 0x00000000c4200000| Untracked 
|  67|0x00000000c4300000, 0x00000000c4400000, 0x00000000c4400000|100%| O|  |TAMS 0x00000000c4300000, 0x00000000c4300000| Untracked 
|  68|0x00000000c4400000, 0x00000000c4500000, 0x00000000c4500000|100%| O|  |TAMS 0x00000000c4400000, 0x00000000c4400000| Untracked 
|  69|0x00000000c4500000, 0x00000000c4600000, 0x00000000c4600000|100%| O|  |TAMS 0x00000000c4500000, 0x00000000c4500000| Untracked 
|  70|0x00000000c4600000, 0x00000000c4600000, 0x00000000c4700000|  0%| F|  |TAMS 0x00000000c4600000, 0x00000000c4600000| Untracked 
|  71|0x00000000c4700000, 0x00000000c4700000, 0x00000000c4800000|  0%| F|  |TAMS 0x00000000c4700000, 0x00000000c4700000| Untracked 
|  72|0x00000000c4800000, 0x00000000c4800000, 0x00000000c4900000|  0%| F|  |TAMS 0x00000000c4800000, 0x00000000c4800000| Untracked 
|  73|0x00000000c4900000, 0x00000000c4900000, 0x00000000c4a00000|  0%| F|  |TAMS 0x00000000c4900000, 0x00000000c4900000| Untracked 
|  74|0x00000000c4a00000, 0x00000000c4a00000, 0x00000000c4b00000|  0%| F|  |TAMS 0x00000000c4a00000, 0x00000000c4a00000| Untracked 
|  75|0x00000000c4b00000, 0x00000000c4b00000, 0x00000000c4c00000|  0%| F|  |TAMS 0x00000000c4b00000, 0x00000000c4b00000| Untracked 
|  76|0x00000000c4c00000, 0x00000000c4c00000, 0x00000000c4d00000|  0%| F|  |TAMS 0x00000000c4c00000, 0x00000000c4c00000| Untracked 
|  77|0x00000000c4d00000, 0x00000000c4d00000, 0x00000000c4e00000|  0%| F|  |TAMS 0x00000000c4d00000, 0x00000000c4d00000| Untracked 
|  78|0x00000000c4e00000, 0x00000000c4e00000, 0x00000000c4f00000|  0%| F|  |TAMS 0x00000000c4e00000, 0x00000000c4e00000| Untracked 
|  79|0x00000000c4f00000, 0x00000000c4f00000, 0x00000000c5000000|  0%| F|  |TAMS 0x00000000c4f00000, 0x00000000c4f00000| Untracked 
|  80|0x00000000c5000000, 0x00000000c5000000, 0x00000000c5100000|  0%| F|  |TAMS 0x00000000c5000000, 0x00000000c5000000| Untracked 
|  81|0x00000000c5100000, 0x00000000c5100000, 0x00000000c5200000|  0%| F|  |TAMS 0x00000000c5100000, 0x00000000c5100000| Untracked 
|  82|0x00000000c5200000, 0x00000000c5200000, 0x00000000c5300000|  0%| F|  |TAMS 0x00000000c5200000, 0x00000000c5200000| Untracked 
|  83|0x00000000c5300000, 0x00000000c5300000, 0x00000000c5400000|  0%| F|  |TAMS 0x00000000c5300000, 0x00000000c5300000| Untracked 
|  84|0x00000000c5400000, 0x00000000c5400000, 0x00000000c5500000|  0%| F|  |TAMS 0x00000000c5400000, 0x00000000c5400000| Untracked 
|  85|0x00000000c5500000, 0x00000000c5500000, 0x00000000c5600000|  0%| F|  |TAMS 0x00000000c5500000, 0x00000000c5500000| Untracked 
|  86|0x00000000c5600000, 0x00000000c5600000, 0x00000000c5700000|  0%| F|  |TAMS 0x00000000c5600000, 0x00000000c5600000| Untracked 
|  87|0x00000000c5700000, 0x00000000c5700000, 0x00000000c5800000|  0%| F|  |TAMS 0x00000000c5700000, 0x00000000c5700000| Untracked 
|  88|0x00000000c5800000, 0x00000000c5800000, 0x00000000c5900000|  0%| F|  |TAMS 0x00000000c5800000, 0x00000000c5800000| Untracked 
|  89|0x00000000c5900000, 0x00000000c5900000, 0x00000000c5a00000|  0%| F|  |TAMS 0x00000000c5900000, 0x00000000c5900000| Untracked 
|  90|0x00000000c5a00000, 0x00000000c5a00000, 0x00000000c5b00000|  0%| F|  |TAMS 0x00000000c5a00000, 0x00000000c5a00000| Untracked 
|  91|0x00000000c5b00000, 0x00000000c5b00000, 0x00000000c5c00000|  0%| F|  |TAMS 0x00000000c5b00000, 0x00000000c5b00000| Untracked 
|  92|0x00000000c5c00000, 0x00000000c5c00000, 0x00000000c5d00000|  0%| F|  |TAMS 0x00000000c5c00000, 0x00000000c5c00000| Untracked 
|  93|0x00000000c5d00000, 0x00000000c5d00000, 0x00000000c5e00000|  0%| F|  |TAMS 0x00000000c5d00000, 0x00000000c5d00000| Untracked 
|  94|0x00000000c5e00000, 0x00000000c5e00000, 0x00000000c5f00000|  0%| F|  |TAMS 0x00000000c5e00000, 0x00000000c5e00000| Untracked 
|  95|0x00000000c5f00000, 0x00000000c6000000, 0x00000000c6000000|100%| S|CS|TAMS 0x00000000c5f00000, 0x00000000c5f00000| Complete 
|  96|0x00000000c6000000, 0x00000000c6100000, 0x00000000c6100000|100%| S|CS|TAMS 0x00000000c6000000, 0x00000000c6000000| Complete 
|  97|0x00000000c6100000, 0x00000000c6200000, 0x00000000c6200000|100%| S|CS|TAMS 0x00000000c6100000, 0x00000000c6100000| Complete 
|  98|0x00000000c6200000, 0x00000000c6300000, 0x00000000c6300000|100%| S|CS|TAMS 0x00000000c6200000, 0x00000000c6200000| Complete 
|  99|0x00000000c6300000, 0x00000000c6400000, 0x00000000c6400000|100%| S|CS|TAMS 0x00000000c6300000, 0x00000000c6300000| Complete 
| 100|0x00000000c6400000, 0x00000000c6500000, 0x00000000c6500000|100%| S|CS|TAMS 0x00000000c6400000, 0x00000000c6400000| Complete 
| 101|0x00000000c6500000, 0x00000000c6600000, 0x00000000c6600000|100%| S|CS|TAMS 0x00000000c6500000, 0x00000000c6500000| Complete 
| 102|0x00000000c6600000, 0x00000000c6600000, 0x00000000c6700000|  0%| F|  |TAMS 0x00000000c6600000, 0x00000000c6600000| Untracked 
| 103|0x00000000c6700000, 0x00000000c6700000, 0x00000000c6800000|  0%| F|  |TAMS 0x00000000c6700000, 0x00000000c6700000| Untracked 
| 104|0x00000000c6800000, 0x00000000c6800000, 0x00000000c6900000|  0%| F|  |TAMS 0x00000000c6800000, 0x00000000c6800000| Untracked 
| 105|0x00000000c6900000, 0x00000000c6900000, 0x00000000c6a00000|  0%| F|  |TAMS 0x00000000c6900000, 0x00000000c6900000| Untracked 
| 106|0x00000000c6a00000, 0x00000000c6a00000, 0x00000000c6b00000|  0%| F|  |TAMS 0x00000000c6a00000, 0x00000000c6a00000| Untracked 
| 107|0x00000000c6b00000, 0x00000000c6b00000, 0x00000000c6c00000|  0%| F|  |TAMS 0x00000000c6b00000, 0x00000000c6b00000| Untracked 
| 108|0x00000000c6c00000, 0x00000000c6c00000, 0x00000000c6d00000|  0%| F|  |TAMS 0x00000000c6c00000, 0x00000000c6c00000| Untracked 
| 109|0x00000000c6d00000, 0x00000000c6d00000, 0x00000000c6e00000|  0%| F|  |TAMS 0x00000000c6d00000, 0x00000000c6d00000| Untracked 
| 110|0x00000000c6e00000, 0x00000000c6e00000, 0x00000000c6f00000|  0%| F|  |TAMS 0x00000000c6e00000, 0x00000000c6e00000| Untracked 
| 111|0x00000000c6f00000, 0x00000000c6f00000, 0x00000000c7000000|  0%| F|  |TAMS 0x00000000c6f00000, 0x00000000c6f00000| Untracked 
| 112|0x00000000c7000000, 0x00000000c7000000, 0x00000000c7100000|  0%| F|  |TAMS 0x00000000c7000000, 0x00000000c7000000| Untracked 
| 113|0x00000000c7100000, 0x00000000c7100000, 0x00000000c7200000|  0%| F|  |TAMS 0x00000000c7100000, 0x00000000c7100000| Untracked 
| 114|0x00000000c7200000, 0x00000000c7200000, 0x00000000c7300000|  0%| F|  |TAMS 0x00000000c7200000, 0x00000000c7200000| Untracked 
| 115|0x00000000c7300000, 0x00000000c7300000, 0x00000000c7400000|  0%| F|  |TAMS 0x00000000c7300000, 0x00000000c7300000| Untracked 
| 116|0x00000000c7400000, 0x00000000c7400000, 0x00000000c7500000|  0%| F|  |TAMS 0x00000000c7400000, 0x00000000c7400000| Untracked 
| 117|0x00000000c7500000, 0x00000000c7500000, 0x00000000c7600000|  0%| F|  |TAMS 0x00000000c7500000, 0x00000000c7500000| Untracked 
| 118|0x00000000c7600000, 0x00000000c7600000, 0x00000000c7700000|  0%| F|  |TAMS 0x00000000c7600000, 0x00000000c7600000| Untracked 
| 119|0x00000000c7700000, 0x00000000c7700000, 0x00000000c7800000|  0%| F|  |TAMS 0x00000000c7700000, 0x00000000c7700000| Untracked 
| 120|0x00000000c7800000, 0x00000000c7800000, 0x00000000c7900000|  0%| F|  |TAMS 0x00000000c7800000, 0x00000000c7800000| Untracked 
| 121|0x00000000c7900000, 0x00000000c7900000, 0x00000000c7a00000|  0%| F|  |TAMS 0x00000000c7900000, 0x00000000c7900000| Untracked 
| 122|0x00000000c7a00000, 0x00000000c7a00000, 0x00000000c7b00000|  0%| F|  |TAMS 0x00000000c7a00000, 0x00000000c7a00000| Untracked 
| 123|0x00000000c7b00000, 0x00000000c7b00000, 0x00000000c7c00000|  0%| F|  |TAMS 0x00000000c7b00000, 0x00000000c7b00000| Untracked 
| 124|0x00000000c7c00000, 0x00000000c7c00000, 0x00000000c7d00000|  0%| F|  |TAMS 0x00000000c7c00000, 0x00000000c7c00000| Untracked 
| 125|0x00000000c7d00000, 0x00000000c7d00000, 0x00000000c7e00000|  0%| F|  |TAMS 0x00000000c7d00000, 0x00000000c7d00000| Untracked 
| 126|0x00000000c7e00000, 0x00000000c7e00000, 0x00000000c7f00000|  0%| F|  |TAMS 0x00000000c7e00000, 0x00000000c7e00000| Untracked 
| 127|0x00000000c7f00000, 0x00000000c7f00000, 0x00000000c8000000|  0%| F|  |TAMS 0x00000000c7f00000, 0x00000000c7f00000| Untracked 
| 128|0x00000000c8000000, 0x00000000c8000000, 0x00000000c8100000|  0%| F|  |TAMS 0x00000000c8000000, 0x00000000c8000000| Untracked 
| 129|0x00000000c8100000, 0x00000000c8100000, 0x00000000c8200000|  0%| F|  |TAMS 0x00000000c8100000, 0x00000000c8100000| Untracked 
| 130|0x00000000c8200000, 0x00000000c8200000, 0x00000000c8300000|  0%| F|  |TAMS 0x00000000c8200000, 0x00000000c8200000| Untracked 
| 131|0x00000000c8300000, 0x00000000c8300000, 0x00000000c8400000|  0%| F|  |TAMS 0x00000000c8300000, 0x00000000c8300000| Untracked 
| 132|0x00000000c8400000, 0x00000000c8400000, 0x00000000c8500000|  0%| F|  |TAMS 0x00000000c8400000, 0x00000000c8400000| Untracked 
| 133|0x00000000c8500000, 0x00000000c8500000, 0x00000000c8600000|  0%| F|  |TAMS 0x00000000c8500000, 0x00000000c8500000| Untracked 
| 134|0x00000000c8600000, 0x00000000c8600000, 0x00000000c8700000|  0%| F|  |TAMS 0x00000000c8600000, 0x00000000c8600000| Untracked 
| 135|0x00000000c8700000, 0x00000000c8700000, 0x00000000c8800000|  0%| F|  |TAMS 0x00000000c8700000, 0x00000000c8700000| Untracked 
| 136|0x00000000c8800000, 0x00000000c8800000, 0x00000000c8900000|  0%| F|  |TAMS 0x00000000c8800000, 0x00000000c8800000| Untracked 
| 137|0x00000000c8900000, 0x00000000c8900000, 0x00000000c8a00000|  0%| F|  |TAMS 0x00000000c8900000, 0x00000000c8900000| Untracked 
| 138|0x00000000c8a00000, 0x00000000c8a00000, 0x00000000c8b00000|  0%| F|  |TAMS 0x00000000c8a00000, 0x00000000c8a00000| Untracked 
| 139|0x00000000c8b00000, 0x00000000c8b00000, 0x00000000c8c00000|  0%| F|  |TAMS 0x00000000c8b00000, 0x00000000c8b00000| Untracked 
| 140|0x00000000c8c00000, 0x00000000c8c00000, 0x00000000c8d00000|  0%| F|  |TAMS 0x00000000c8c00000, 0x00000000c8c00000| Untracked 
| 141|0x00000000c8d00000, 0x00000000c8d00000, 0x00000000c8e00000|  0%| F|  |TAMS 0x00000000c8d00000, 0x00000000c8d00000| Untracked 
| 142|0x00000000c8e00000, 0x00000000c8e00000, 0x00000000c8f00000|  0%| F|  |TAMS 0x00000000c8e00000, 0x00000000c8e00000| Untracked 
| 143|0x00000000c8f00000, 0x00000000c8f00000, 0x00000000c9000000|  0%| F|  |TAMS 0x00000000c8f00000, 0x00000000c8f00000| Untracked 
| 144|0x00000000c9000000, 0x00000000c9000000, 0x00000000c9100000|  0%| F|  |TAMS 0x00000000c9000000, 0x00000000c9000000| Untracked 
| 145|0x00000000c9100000, 0x00000000c9100000, 0x00000000c9200000|  0%| F|  |TAMS 0x00000000c9100000, 0x00000000c9100000| Untracked 

Card table byte_map: [0x000000001a150000,0x000000001a350000] _byte_map_base: 0x0000000019b50000

Marking Bits (Prev, Next): (CMBitMap*) 0x000000000045b710, (CMBitMap*) 0x000000000045b750
 Prev Bits: [0x000000001a550000, 0x000000001b550000)
 Next Bits: [0x000000001b550000, 0x000000001c550000)

Polling page: 0x0000000000330000

Metaspace:

Usage:
  Non-class:      4.09 MB capacity,   791.70 KB ( 19%) used,     3.31 MB ( 81%) free+waste,   896 bytes ( <1%) overhead. 
      Class:    394.00 KB capacity,    82.11 KB ( 21%) used,   311.39 KB ( 79%) free+waste,   512 bytes ( <1%) overhead. 
       Both:      4.47 MB capacity,   873.80 KB ( 19%) used,     3.62 MB ( 81%) free+waste,     1.38 KB ( <1%) overhead. 

Virtual space:
  Non-class space:        8.00 MB reserved,       4.25 MB ( 53%) committed 
      Class space:        1.00 GB reserved,     512.00 KB ( <1%) committed 
             Both:        1.01 GB reserved,       4.75 MB ( <1%) committed 

Chunk freelists:
   Non-Class:  40.00 KB
       Class:  0 bytes
        Both:  40.00 KB

MaxMetaspaceSize: 17179869184.00 GB
CompressedClassSpaceSize: 1.00 GB

CodeHeap 'non-profiled nmethods': size=120000Kb used=91Kb max_used=91Kb free=119908Kb
 bounds [0x00000000124f0000, 0x0000000012760000, 0x0000000019a20000]
CodeHeap 'profiled nmethods': size=120000Kb used=309Kb max_used=309Kb free=119690Kb
 bounds [0x000000000afc0000, 0x000000000b230000, 0x00000000124f0000]
CodeHeap 'non-nmethods': size=5760Kb used=1125Kb max_used=1145Kb free=4634Kb
 bounds [0x000000000aa20000, 0x000000000ac90000, 0x000000000afc0000]
 total_blobs=617 nmethods=243 adapters=288
 compilation: enabled
              stopped_count=0, restarted_count=0
 full_count=0

Compilation events (20 events):
Event: 0.153 Thread 0x000000001faad120  226       4       java.util.Random::<init> (53 bytes)
Event: 0.155 Thread 0x000000001faad120 nmethod 226 0x0000000012502790 code [0x0000000012502920, 0x0000000012502ad8]
Event: 0.155 Thread 0x000000001faad120  228       4       java.util.Random::next (47 bytes)
Event: 0.156 Thread 0x000000001faad120 nmethod 228 0x0000000012502b90 code [0x0000000012502d00, 0x0000000012502dd8]
Event: 0.156 Thread 0x000000001faad120  236       4       Education::values (10 bytes)
Event: 0.157 Thread 0x000000001faad120 nmethod 236 0x0000000012502e90 code [0x0000000012503020, 0x00000000125030f8]
Event: 0.157 Thread 0x000000001faad120  235       4       Sex::values (10 bytes)
Event: 0.158 Thread 0x000000001faad120 nmethod 235 0x0000000012503210 code [0x00000000125033a0, 0x0000000012503478]
Event: 0.158 Thread 0x000000001faad120  238       4       java.util.ArrayList::add (25 bytes)
Event: 0.160 Thread 0x000000001faad120 nmethod 238 0x0000000012503590 code [0x0000000012503720, 0x0000000012503908]
Event: 0.160 Thread 0x000000001faad120  239       4       Person::<init> (35 bytes)
Event: 0.165 Thread 0x000000001faad120 nmethod 239 0x0000000012503a90 code [0x0000000012503c00, 0x00000000125040f8]
Event: 0.222 Thread 0x000000001faadad0  240 %     3       Main::main @ 95 (411 bytes)
Event: 0.224 Thread 0x000000001faadad0 nmethod 240% 0x000000000affff10 code [0x000000000b000680, 0x000000000b0052f8]
Event: 0.225 Thread 0x000000001faadad0  241       3       Main::main (411 bytes)
Event: 0.237 Thread 0x000000001faad120  242       4       java.lang.Integer::valueOf (32 bytes)
Event: 0.237 Thread 0x000000001faad120 nmethod 242 0x0000000012504190 code [0x0000000012504300, 0x0000000012504378]
Event: 0.238 Thread 0x000000001faadad0 nmethod 241 0x000000000b006690 code [0x000000000b006e60, 0x000000000b00bd88]
Event: 0.273 Thread 0x000000001faad120  243 %     4       Main::main @ 95 (411 bytes)
Event: 0.368 Thread 0x000000001faad120 nmethod 243% 0x0000000012504490 code [0x00000000125046e0, 0x0000000012505f88]

GC Heap History (17 events):
Event: 0.182 GC heap before
{Heap before GC invocations=0 (full 0):
 garbage-first heap   total 65536K, used 13312K [0x00000000c0000000, 0x0000000100000000)
  region size 1024K, 13 young (13312K), 0 survivors (0K)
 Metaspace       used 866K, capacity 4578K, committed 4864K, reserved 1056768K
  class space    used 82K, capacity 394K, committed 512K, reserved 1048576K
}
Event: 0.187 GC heap after
{Heap after GC invocations=1 (full 0):
 garbage-first heap   total 65536K, used 1792K [0x00000000c0000000, 0x0000000100000000)
  region size 1024K, 2 young (2048K), 2 survivors (2048K)
 Metaspace       used 866K, capacity 4578K, committed 4864K, reserved 1056768K
  class space    used 82K, capacity 394K, committed 512K, reserved 1048576K
}
Event: 0.226 GC heap before
{Heap before GC invocations=1 (full 0):
 garbage-first heap   total 65536K, used 18176K [0x00000000c0000000, 0x0000000100000000)
  region size 1024K, 18 young (18432K), 2 survivors (2048K)
 Metaspace       used 873K, capacity 4578K, committed 4864K, reserved 1056768K
  class space    used 82K, capacity 394K, committed 512K, reserved 1048576K
}
Event: 0.236 GC heap after
{Heap after GC invocations=2 (full 0):
 garbage-first heap   total 65536K, used 3315K [0x00000000c0000000, 0x0000000100000000)
  region size 1024K, 2 young (2048K), 2 survivors (2048K)
 Metaspace       used 873K, capacity 4578K, committed 4864K, reserved 1056768K
  class space    used 82K, capacity 394K, committed 512K, reserved 1048576K
}
Event: 0.328 GC heap before
{Heap before GC invocations=2 (full 0):
 garbage-first heap   total 65536K, used 41203K [0x00000000c0000000, 0x0000000100000000)
  region size 1024K, 38 young (38912K), 2 survivors (2048K)
 Metaspace       used 873K, capacity 4578K, committed 4864K, reserved 1056768K
  class space    used 82K, capacity 394K, committed 512K, reserved 1048576K
}
Event: 0.337 GC heap after
{Heap after GC invocations=3 (full 0):
 garbage-first heap   total 65536K, used 6787K [0x00000000c0000000, 0x0000000100000000)
  region size 1024K, 4 young (4096K), 4 survivors (4096K)
 Metaspace       used 873K, capacity 4578K, committed 4864K, reserved 1056768K
  class space    used 82K, capacity 394K, committed 512K, reserved 1048576K
}
Event: 0.406 GC heap before
{Heap before GC invocations=3 (full 0):
 garbage-first heap   total 65536K, used 44675K [0x00000000c0000000, 0x0000000100000000)
  region size 1024K, 38 young (38912K), 4 survivors (4096K)
 Metaspace       used 873K, capacity 4578K, committed 4864K, reserved 1056768K
  class space    used 82K, capacity 394K, committed 512K, reserved 1048576K
}
Event: 0.437 GC heap after
{Heap after GC invocations=4 (full 0):
 garbage-first heap   total 65536K, used 14477K [0x00000000c0000000, 0x0000000100000000)
  region size 1024K, 5 young (5120K), 5 survivors (5120K)
 Metaspace       used 873K, capacity 4578K, committed 4864K, reserved 1056768K
  class space    used 82K, capacity 394K, committed 512K, reserved 1048576K
}
Event: 0.488 GC heap before
{Heap before GC invocations=4 (full 0):
 garbage-first heap   total 65536K, used 49293K [0x00000000c0000000, 0x0000000100000000)
  region size 1024K, 36 young (36864K), 5 survivors (5120K)
 Metaspace       used 873K, capacity 4578K, committed 4864K, reserved 1056768K
  class space    used 82K, capacity 394K, committed 512K, reserved 1048576K
}
Event: 0.523 GC heap after
{Heap after GC invocations=5 (full 0):
 garbage-first heap   total 149504K, used 22528K [0x00000000c0000000, 0x0000000100000000)
  region size 1024K, 5 young (5120K), 5 survivors (5120K)
 Metaspace       used 873K, capacity 4578K, committed 4864K, reserved 1056768K
  class space    used 82K, capacity 394K, committed 512K, reserved 1048576K
}
Event: 0.684 GC heap before
{Heap before GC invocations=5 (full 0):
 garbage-first heap   total 149504K, used 114688K [0x00000000c0000000, 0x0000000100000000)
  region size 1024K, 86 young (88064K), 5 survivors (5120K)
 Metaspace       used 873K, capacity 4578K, committed 4864K, reserved 1056768K
  class space    used 82K, capacity 394K, committed 512K, reserved 1048576K
}
Event: 0.727 GC heap after
{Heap after GC invocations=6 (full 0):
 garbage-first heap   total 149504K, used 44564K [0x00000000c0000000, 0x0000000100000000)
  region size 1024K, 11 young (11264K), 11 survivors (11264K)
 Metaspace       used 873K, capacity 4578K, committed 4864K, reserved 1056768K
  class space    used 82K, capacity 394K, committed 512K, reserved 1048576K
}
Event: 0.816 GC heap before
{Heap before GC invocations=6 (full 0):
 garbage-first heap   total 149504K, used 103956K [0x00000000c0000000, 0x0000000100000000)
  region size 1024K, 69 young (70656K), 11 survivors (11264K)
 Metaspace       used 873K, capacity 4578K, committed 4864K, reserved 1056768K
  class space    used 82K, capacity 394K, committed 512K, reserved 1048576K
}
Event: 0.855 GC heap after
{Heap after GC invocations=7 (full 0):
 garbage-first heap   total 149504K, used 54656K [0x00000000c0000000, 0x0000000100000000)
  region size 1024K, 9 young (9216K), 9 survivors (9216K)
 Metaspace       used 873K, capacity 4578K, committed 4864K, reserved 1056768K
  class space    used 82K, capacity 394K, committed 512K, reserved 1048576K
}
Event: 0.941 GC heap before
{Heap before GC invocations=7 (full 0):
 garbage-first heap   total 149504K, used 116096K [0x00000000c0000000, 0x0000000100000000)
  region size 1024K, 62 young (63488K), 9 survivors (9216K)
 Metaspace       used 873K, capacity 4578K, committed 4864K, reserved 1056768K
  class space    used 82K, capacity 394K, committed 512K, reserved 1048576K
}
Event: 0.971 GC heap after
{Heap after GC invocations=8 (full 0):
 garbage-first heap   total 149504K, used 70656K [0x00000000c0000000, 0x0000000100000000)
  region size 1024K, 8 young (8192K), 8 survivors (8192K)
 Metaspace       used 873K, capacity 4578K, committed 4864K, reserved 1056768K
  class space    used 82K, capacity 394K, committed 512K, reserved 1048576K
}
Event: 1.038 GC heap before
{Heap before GC invocations=8 (full 0):
 garbage-first heap   total 149504K, used 115712K [0x00000000c0000000, 0x0000000100000000)
  region size 1024K, 52 young (53248K), 8 survivors (8192K)
 Metaspace       used 873K, capacity 4578K, committed 4864K, reserved 1056768K
  class space    used 82K, capacity 394K, committed 512K, reserved 1048576K
}

Deoptimization events (20 events):
Event: 0.282 Thread 0x000000000042d050 DEOPT PACKING pc=0x000000000b004af4 sp=0x00000000023af5e0
Event: 0.282 Thread 0x000000000042d050 DEOPT UNPACKING pc=0x000000000aa6df30 sp=0x00000000023aec10 mode 0
Event: 0.291 Thread 0x000000000042d050 DEOPT PACKING pc=0x000000000b004af4 sp=0x00000000023af5e0
Event: 0.291 Thread 0x000000000042d050 DEOPT UNPACKING pc=0x000000000aa6df30 sp=0x00000000023aec10 mode 0
Event: 0.299 Thread 0x000000000042d050 DEOPT PACKING pc=0x000000000b004af4 sp=0x00000000023af5e0
Event: 0.299 Thread 0x000000000042d050 DEOPT UNPACKING pc=0x000000000aa6df30 sp=0x00000000023aec10 mode 0
Event: 0.308 Thread 0x000000000042d050 DEOPT PACKING pc=0x000000000b004af4 sp=0x00000000023af5e0
Event: 0.308 Thread 0x000000000042d050 DEOPT UNPACKING pc=0x000000000aa6df30 sp=0x00000000023aec10 mode 0
Event: 0.317 Thread 0x000000000042d050 DEOPT PACKING pc=0x000000000b004af4 sp=0x00000000023af5e0
Event: 0.317 Thread 0x000000000042d050 DEOPT UNPACKING pc=0x000000000aa6df30 sp=0x00000000023aec10 mode 0
Event: 0.326 Thread 0x000000000042d050 DEOPT PACKING pc=0x000000000b004af4 sp=0x00000000023af5e0
Event: 0.326 Thread 0x000000000042d050 DEOPT UNPACKING pc=0x000000000aa6df30 sp=0x00000000023aec10 mode 0
Event: 0.345 Thread 0x000000000042d050 DEOPT PACKING pc=0x000000000b004af4 sp=0x00000000023af5e0
Event: 0.345 Thread 0x000000000042d050 DEOPT UNPACKING pc=0x000000000aa6df30 sp=0x00000000023aec10 mode 0
Event: 0.354 Thread 0x000000000042d050 DEOPT PACKING pc=0x000000000b004af4 sp=0x00000000023af5e0
Event: 0.354 Thread 0x000000000042d050 DEOPT UNPACKING pc=0x000000000aa6df30 sp=0x00000000023aec10 mode 0
Event: 0.362 Thread 0x000000000042d050 DEOPT PACKING pc=0x000000000b004af4 sp=0x00000000023af5e0
Event: 0.362 Thread 0x000000000042d050 DEOPT UNPACKING pc=0x000000000aa6df30 sp=0x00000000023aec10 mode 0
Event: 0.370 Thread 0x000000000042d050 DEOPT PACKING pc=0x000000000b004af4 sp=0x00000000023af5e0
Event: 0.370 Thread 0x000000000042d050 DEOPT UNPACKING pc=0x000000000aa6df30 sp=0x00000000023aec10 mode 0

Classes unloaded (0 events):
No events

Classes redefined (0 events):
No events

Internal exceptions (3 events):
Event: 0.140 Thread 0x0000000020acdf40 Exception <a 'java/lang/NoSuchMethodError'{0x00000000c3ed0b78}: 'java.lang.Object java.lang.invoke.DirectMethodHandle$Holder.invokeStatic(java.lang.Object)'> (0x00000000c3ed0b78) 
thrown [./open/src/hotspot/share/interpreter/linkResolver.cpp, line 782]
Event: 0.141 Thread 0x0000000020acdf40 Exception <a 'java/lang/NoSuchMethodError'{0x00000000c3ed4488}: 'java.lang.Object java.lang.invoke.DirectMethodHandle$Holder.invokeStaticInit(java.lang.Object)'> (0x00000000c3ed4488) 
thrown [./open/src/hotspot/share/interpreter/linkResolver.cpp, line 782]
Event: 0.152 Thread 0x0000000020acdf40 Exception <a 'java/lang/NoSuchMethodError'{0x00000000c3ee1830}: 'void java.lang.invoke.DirectMethodHandle$Holder.invokeStatic(java.lang.Object, java.lang.Object)'> (0x00000000c3ee1830) 
thrown [./open/src/hotspot/share/interpreter/linkResolver.cpp, line 782]

Events (20 events):
Event: 0.156 loading class java/nio/DirectByteBuffer$Deallocator done
Event: 0.181 Executing VM operation: G1CollectForAllocation
Event: 0.187 Executing VM operation: G1CollectForAllocation done
Event: 0.187 Executing VM operation: HandshakeAllThreads
Event: 0.187 Executing VM operation: HandshakeAllThreads done
Event: 0.226 Executing VM operation: G1CollectForAllocation
Event: 0.238 Executing VM operation: G1CollectForAllocation done
Event: 0.328 Executing VM operation: G1CollectForAllocation
Event: 0.338 Executing VM operation: G1CollectForAllocation done
Event: 0.403 Executing VM operation: G1CollectForAllocation
Event: 0.437 Executing VM operation: G1CollectForAllocation done
Event: 0.487 Executing VM operation: G1CollectForAllocation
Event: 0.529 Executing VM operation: G1CollectForAllocation done
Event: 0.684 Executing VM operation: G1CollectForAllocation
Event: 0.727 Executing VM operation: G1CollectForAllocation done
Event: 0.816 Executing VM operation: G1CollectForAllocation
Event: 0.855 Executing VM operation: G1CollectForAllocation done
Event: 0.941 Executing VM operation: G1CollectForAllocation
Event: 0.971 Executing VM operation: G1CollectForAllocation done
Event: 1.037 Executing VM operation: G1CollectForAllocation


Dynamic libraries:
0x000000013f7a0000 - 0x000000013f7af000 	C:\Program Files\Java\jdk-15.0.2\bin\java.exe
0x0000000077bc0000 - 0x0000000077d5f000 	C:\Windows\SYSTEM32\ntdll.dll
0x0000000077aa0000 - 0x0000000077bbf000 	C:\Windows\system32\kernel32.dll
0x000007fefdbb0000 - 0x000007fefdc1a000 	C:\Windows\system32\KERNELBASE.dll
0x000007fefb740000 - 0x000007fefb758000 	C:\Program Files\Java\jdk-15.0.2\bin\jli.dll
0x000007fefe930000 - 0x000007fefea0b000 	C:\Windows\system32\ADVAPI32.dll
0x000007fefdf40000 - 0x000007fefdfdf000 	C:\Windows\system32\msvcrt.dll
0x000007fefe4c0000 - 0x000007fefe4df000 	C:\Windows\SYSTEM32\sechost.dll
0x000007fefdfe0000 - 0x000007fefe10c000 	C:\Windows\system32\RPCRT4.dll
0x000007fefc590000 - 0x000007fefc784000 	C:\Windows\WinSxS\amd64_microsoft.windows.common-controls_6595b64144ccf1df_6.0.7601.17514_none_fa396087175ac9ac\COMCTL32.dll
0x000007feffd00000 - 0x000007feffd67000 	C:\Windows\system32\GDI32.dll
0x00000000779a0000 - 0x0000000077a9a000 	C:\Windows\system32\USER32.dll
0x000007fefdf30000 - 0x000007fefdf3e000 	C:\Windows\system32\LPK.dll
0x000007fefe110000 - 0x000007fefe1d9000 	C:\Windows\system32\USP10.dll
0x000007fefe420000 - 0x000007fefe491000 	C:\Windows\system32\SHLWAPI.dll
0x000007fefcc20000 - 0x000007fefcc2c000 	C:\Windows\system32\VERSION.dll
0x000007fefb610000 - 0x000007fefb629000 	C:\Program Files\Java\jdk-15.0.2\bin\VCRUNTIME140.dll
0x000007fefc440000 - 0x000007fefc444000 	C:\Program Files\Java\jdk-15.0.2\bin\api-ms-win-crt-runtime-l1-1-0.dll
0x000007fef8220000 - 0x000007fef831a000 	C:\Program Files\Java\jdk-15.0.2\bin\ucrtbase.DLL
0x000007fefb510000 - 0x000007fefb513000 	C:\Program Files\Java\jdk-15.0.2\bin\api-ms-win-core-localization-l1-2-0.dll
0x000007fefb500000 - 0x000007fefb503000 	C:\Program Files\Java\jdk-15.0.2\bin\api-ms-win-core-processthreads-l1-1-1.dll
0x000007fefb480000 - 0x000007fefb483000 	C:\Program Files\Java\jdk-15.0.2\bin\api-ms-win-core-file-l1-2-0.dll
0x000007fefb470000 - 0x000007fefb473000 	C:\Program Files\Java\jdk-15.0.2\bin\api-ms-win-core-timezone-l1-1-0.dll
0x000007fefb460000 - 0x000007fefb463000 	C:\Program Files\Java\jdk-15.0.2\bin\api-ms-win-core-file-l2-1-0.dll
0x000007fefb450000 - 0x000007fefb453000 	C:\Program Files\Java\jdk-15.0.2\bin\api-ms-win-core-synch-l1-2-0.dll
0x000007fefaa80000 - 0x000007fefaa83000 	C:\Program Files\Java\jdk-15.0.2\bin\api-ms-win-crt-heap-l1-1-0.dll
0x000007fefa400000 - 0x000007fefa404000 	C:\Program Files\Java\jdk-15.0.2\bin\api-ms-win-crt-string-l1-1-0.dll
0x000007fefa3f0000 - 0x000007fefa3f4000 	C:\Program Files\Java\jdk-15.0.2\bin\api-ms-win-crt-stdio-l1-1-0.dll
0x000007fefa3e0000 - 0x000007fefa3e4000 	C:\Program Files\Java\jdk-15.0.2\bin\api-ms-win-crt-convert-l1-1-0.dll
0x000007fefa3d0000 - 0x000007fefa3d3000 	C:\Program Files\Java\jdk-15.0.2\bin\api-ms-win-crt-environment-l1-1-0.dll
0x000007fefa3c0000 - 0x000007fefa3c3000 	C:\Program Files\Java\jdk-15.0.2\bin\api-ms-win-crt-filesystem-l1-1-0.dll
0x000007fefa3b0000 - 0x000007fefa3b5000 	C:\Program Files\Java\jdk-15.0.2\bin\api-ms-win-crt-math-l1-1-0.dll
0x000007fefa3a0000 - 0x000007fefa3a3000 	C:\Program Files\Java\jdk-15.0.2\bin\api-ms-win-crt-locale-l1-1-0.dll
0x000007fefe1e0000 - 0x000007fefe20e000 	C:\Windows\system32\IMM32.DLL
0x000007feffd70000 - 0x000007feffe79000 	C:\Windows\system32\MSCTF.dll
0x000007fef9840000 - 0x000007fef984c000 	C:\Program Files\Java\jdk-15.0.2\bin\vcruntime140_1.dll
0x000007fef8470000 - 0x000007fef8501000 	C:\Program Files\Java\jdk-15.0.2\bin\msvcp140.dll
0x000007fef9820000 - 0x000007fef9823000 	C:\Program Files\Java\jdk-15.0.2\bin\api-ms-win-crt-time-l1-1-0.dll
0x000007fef9830000 - 0x000007fef9833000 	C:\Program Files\Java\jdk-15.0.2\bin\api-ms-win-crt-utility-l1-1-0.dll
0x000007fee6890000 - 0x000007fee73ee000 	C:\Program Files\Java\jdk-15.0.2\bin\server\jvm.dll
0x000007fefb600000 - 0x000007fefb609000 	C:\Windows\system32\WSOCK32.dll
0x000007feffaa0000 - 0x000007feffaed000 	C:\Windows\system32\WS2_32.dll
0x000007fefe4e0000 - 0x000007fefe4e8000 	C:\Windows\system32\NSI.dll
0x000007fefba50000 - 0x000007fefba8b000 	C:\Windows\system32\WINMM.dll
0x0000000077d60000 - 0x0000000077d67000 	C:\Windows\system32\PSAPI.DLL
0x000007fef87d0000 - 0x000007fef87da000 	C:\Program Files\Java\jdk-15.0.2\bin\jimage.dll
0x000007fef8510000 - 0x000007fef8635000 	C:\Windows\system32\DBGHELP.DLL
0x000007fefc420000 - 0x000007fefc42e000 	C:\Program Files\Java\jdk-15.0.2\bin\instrument.dll
0x000007fef8740000 - 0x000007fef8765000 	C:\Program Files\Java\jdk-15.0.2\bin\java.dll
0x000007fefec90000 - 0x000007feffa18000 	C:\Windows\system32\SHELL32.dll
0x000007fefe210000 - 0x000007fefe413000 	C:\Windows\system32\ole32.dll
0x000007fefdac0000 - 0x000007fefdacf000 	C:\Windows\system32\profapi.dll
0x000007fef8410000 - 0x000007fef8428000 	C:\Program Files\Java\jdk-15.0.2\bin\zip.dll
0x000007fef8450000 - 0x000007fef8469000 	C:\Program Files\Java\jdk-15.0.2\bin\net.dll
0x000007fefa4a0000 - 0x000007fefa511000 	C:\Windows\system32\WINHTTP.dll
0x000007fefa430000 - 0x000007fefa494000 	C:\Windows\system32\webio.dll
0x000007fefd2e0000 - 0x000007fefd335000 	C:\Windows\system32\mswsock.dll
0x000007fefd2d0000 - 0x000007fefd2d7000 	C:\Windows\System32\wship6.dll
0x000007fef8430000 - 0x000007fef8442000 	C:\Program Files\Java\jdk-15.0.2\bin\nio.dll
0x000007fef8770000 - 0x000007fef878a000 	C:\Program Files\JetBrains\IntelliJ IDEA Community Edition 2020.2.4\bin\breakgen64.dll

dbghelp: loaded successfully - version: 4.0.5 - missing functions: none
symbol engine: initialized successfully - sym options: 0x614 - pdb path: .;C:\Program Files\Java\jdk-15.0.2\bin;C:\Windows\SYSTEM32;C:\Windows\WinSxS\amd64_microsoft.windows.common-controls_6595b64144ccf1df_6.0.7601.17514_none_fa396087175ac9ac;C:\Program Files\Java\jdk-15.0.2\bin\server;C:\Program Files\JetBrains\IntelliJ IDEA Community Edition 2020.2.4\bin

VM Arguments:
jvm_args: -javaagent:C:\Program Files\JetBrains\IntelliJ IDEA Community Edition 2020.2.4\lib\idea_rt.jar=56882:C:\Program Files\JetBrains\IntelliJ IDEA Community Edition 2020.2.4\bin -Dfile.encoding=UTF-8 
java_command: Main
java_class_path (initial): C:\Users\Nikki\Desktop\project\streams.task2\out\production\streams.task2
Launcher Type: SUN_STANDARD

[Global flags]
     intx CICompilerCount                          = 3                                         {product} {ergonomic}
     uint ConcGCThreads                            = 1                                         {product} {ergonomic}
     uint G1ConcRefinementThreads                  = 4                                         {product} {ergonomic}
   size_t G1HeapRegionSize                         = 1048576                                   {product} {ergonomic}
    uintx GCDrainStackTargetSize                   = 64                                        {product} {ergonomic}
   size_t InitialHeapSize                          = 67108864                                  {product} {ergonomic}
   size_t MarkStackSize                            = 4194304                                   {product} {ergonomic}
   size_t MaxHeapSize                              = 1073741824                                {product} {ergonomic}
   size_t MaxNewSize                               = 643825664                                 {product} {ergonomic}
   size_t MinHeapDeltaBytes                        = 1048576                                   {product} {ergonomic}
   size_t MinHeapSize                              = 8388608                                   {product} {ergonomic}
    uintx NonNMethodCodeHeapSize                   = 5832780                                {pd product} {ergonomic}
    uintx NonProfiledCodeHeapSize                  = 122912730                              {pd product} {ergonomic}
    uintx ProfiledCodeHeapSize                     = 122912730                              {pd product} {ergonomic}
    uintx ReservedCodeCacheSize                    = 251658240                              {pd product} {ergonomic}
     bool SegmentedCodeCache                       = true                                      {product} {ergonomic}
   size_t SoftMaxHeapSize                          = 1073741824                             {manageable} {ergonomic}
     bool UseCompressedClassPointers               = true                                 {lp64_product} {ergonomic}
     bool UseCompressedOops                        = true                                 {lp64_product} {ergonomic}
     bool UseG1GC                                  = true                                      {product} {ergonomic}
     bool UseLargePagesIndividualAllocation        = false                                  {pd product} {ergonomic}

Logging:
Log output configuration:
 #0: stdout all=warning uptime,level,tags
 #1: stderr all=off uptime,level,tags

Environment Variables:
JAVA_HOME=C:\Program Files\Java\jdk-15.0.2
PATH=C:\Program Files\Common Files\Oracle\Java\javapath;C:\Program Files (x86)\Common Files\Oracle\Java\javapath;C:\Windows\system32;C:\Windows;C:\Windows\System32\Wbem;C:\Windows\System32\WindowsPowerShell\v1.0\;C:\Program Files\Git\cmd;C:\Program Files\Java\jdk-15.0.2/bin;C:\Users\Nikki\AppData\Local\Programs\Microsoft VS Code\bin
USERNAME=Nikki
OS=Windows_NT
PROCESSOR_IDENTIFIER=Intel64 Family 6 Model 30 Stepping 5, GenuineIntel



---------------  S Y S T E M  ---------------

OS:
 Windows 7 , 64 bit Build 7601 (6.1.7601.24384)
OS uptime: 0 days 2:31 hours

CPU: total 4 (initial active 4) (4 cores per cpu, 1 threads per core) family 6 model 30 stepping 5 microcode 0x0, cmov, cx8, fxsr, mmx, sse, sse2, sse3, ssse3, sse4.1, sse4.2, popcnt, tsc, tscinvbit, clflush

Memory: 4k page, system-wide physical 4091M (586M free)
TotalPageFile size 5113M (AvailPageFile size 129M)
current process WorkingSet (physical memory assigned to process): 180M, peak: 180M
current process commit charge ("private bytes"): 234M, peak: 525M

vm_info: Java HotSpot(TM) 64-Bit Server VM (15.0.2+7-27) for windows-amd64 JRE (15.0.2+7-27), built on Dec  7 2020 20:07:01 by "mach5one" with unknown MS VC++:1925

END.
